{"/Users/surajauwal/projects/imagyne/mobile-apps/hades/index.js": {"path":"/Users/surajauwal/projects/imagyne/mobile-apps/hades/index.js","statementMap":{"0":{"start":{"line":6,"column":0},"end":{"line":6,"column":26}}},"fnMap":{},"branchMap":{},"s":{"0":0},"f":{},"b":{}}
,"/Users/surajauwal/projects/imagyne/mobile-apps/hades/mobile-app/App.tsx": {"path":"/Users/surajauwal/projects/imagyne/mobile-apps/hades/mobile-app/App.tsx","statementMap":{"0":{"start":{"line":13,"column":19},"end":{"line":13,"column":38}},"1":{"start":{"line":14,"column":18},"end":{"line":14,"column":29}},"2":{"start":{"line":18,"column":2},"end":{"line":21,"column":3}},"3":{"start":{"line":19,"column":4},"end":{"line":19,"column":60}},"4":{"start":{"line":20,"column":4},"end":{"line":20,"column":16}},"5":{"start":{"line":23,"column":2},"end":{"line":41,"column":4}}},"fnMap":{"0":{"name":"App","decl":{"start":{"line":12,"column":24},"end":{"line":12,"column":27}},"loc":{"start":{"line":12,"column":30},"end":{"line":42,"column":1}},"line":12}},"branchMap":{"0":{"loc":{"start":{"line":18,"column":2},"end":{"line":21,"column":3}},"type":"if","locations":[{"start":{"line":18,"column":2},"end":{"line":21,"column":3}},{"start":{},"end":{}}],"line":18}},"s":{"0":0,"1":0,"2":0,"3":0,"4":0,"5":0},"f":{"0":0},"b":{"0":[0,0]}}
,"/Users/surajauwal/projects/imagyne/mobile-apps/hades/mobile-app/index.d.ts": {"path":"/Users/surajauwal/projects/imagyne/mobile-apps/hades/mobile-app/index.d.ts","statementMap":{},"fnMap":{},"branchMap":{},"s":{},"f":{},"b":{}}
,"/Users/surajauwal/projects/imagyne/mobile-apps/hades/mobile-app/tailwind.ts": {"path":"/Users/surajauwal/projects/imagyne/mobile-apps/hades/mobile-app/tailwind.ts","statementMap":{"0":{"start":{"line":7,"column":14},"end":{"line":28,"column":1}},"1":{"start":{"line":36,"column":16},"end":{"line":36,"column":49}},"2":{"start":{"line":53,"column":4},"end":{"line":53,"column":46}},"3":{"start":{"line":56,"column":24},"end":{"line":56,"column":40}}},"fnMap":{"0":{"name":"tailwind","decl":{"start":{"line":52,"column":16},"end":{"line":52,"column":24}},"loc":{"start":{"line":52,"column":73},"end":{"line":54,"column":1}},"line":52}},"branchMap":{},"s":{"0":6,"1":6,"2":37,"3":6},"f":{"0":37},"b":{},"_coverageSchema":"1a1c01bbd47fc00a2c39e90264f33305004495a9","hash":"e87c36f8aa13d318361265801abe5fc545584590"}
,"/Users/surajauwal/projects/imagyne/mobile-apps/hades/mobile-app/api/ApiResponse.ts": {"path":"/Users/surajauwal/projects/imagyne/mobile-apps/hades/mobile-app/api/ApiResponse.ts","statementMap":{},"fnMap":{},"branchMap":{},"s":{},"f":{},"b":{}}
,"/Users/surajauwal/projects/imagyne/mobile-apps/hades/mobile-app/api/_request.ts": {"path":"/Users/surajauwal/projects/imagyne/mobile-apps/hades/mobile-app/api/_request.ts","statementMap":{"0":{"start":{"line":5,"column":24},"end":{"line":5,"column":44}},"1":{"start":{"line":9,"column":4},"end":{"line":13,"column":5}},"2":{"start":{"line":10,"column":8},"end":{"line":10,"column":103}},"3":{"start":{"line":12,"column":8},"end":{"line":12,"column":66}},"4":{"start":{"line":15,"column":4},"end":{"line":15,"column":14}},"5":{"start":{"line":18,"column":15},"end":{"line":24,"column":1}},"6":{"start":{"line":33,"column":24},"end":{"line":33,"column":41}},"7":{"start":{"line":34,"column":19},"end":{"line":34,"column":39}},"8":{"start":{"line":35,"column":4},"end":{"line":37,"column":14}},"9":{"start":{"line":36,"column":8},"end":{"line":36,"column":24}},"10":{"start":{"line":38,"column":4},"end":{"line":58,"column":11}},"11":{"start":{"line":47,"column":12},"end":{"line":50,"column":15}},"12":{"start":{"line":53,"column":12},"end":{"line":55,"column":13}},"13":{"start":{"line":54,"column":16},"end":{"line":54,"column":58}},"14":{"start":{"line":57,"column":12},"end":{"line":57,"column":45}},"15":{"start":{"line":63,"column":4},"end":{"line":65,"column":43}},"16":{"start":{"line":64,"column":21},"end":{"line":64,"column":73}},"17":{"start":{"line":65,"column":22},"end":{"line":65,"column":41}},"18":{"start":{"line":70,"column":4},"end":{"line":72,"column":43}},"19":{"start":{"line":71,"column":21},"end":{"line":71,"column":73}},"20":{"start":{"line":72,"column":22},"end":{"line":72,"column":41}},"21":{"start":{"line":74,"column":20},"end":{"line":77,"column":1}}},"fnMap":{"0":{"name":"getUrl","decl":{"start":{"line":4,"column":17},"end":{"line":4,"column":23}},"loc":{"start":{"line":4,"column":73},"end":{"line":16,"column":1}},"line":4},"1":{"name":"base","decl":{"start":{"line":32,"column":15},"end":{"line":32,"column":19}},"loc":{"start":{"line":32,"column":49},"end":{"line":59,"column":1}},"line":32},"2":{"name":"(anonymous_2)","decl":{"start":{"line":35,"column":15},"end":{"line":35,"column":16}},"loc":{"start":{"line":35,"column":21},"end":{"line":37,"column":5}},"line":35},"3":{"name":"(anonymous_3)","decl":{"start":{"line":46,"column":14},"end":{"line":46,"column":15}},"loc":{"start":{"line":46,"column":21},"end":{"line":51,"column":9}},"line":46},"4":{"name":"(anonymous_4)","decl":{"start":{"line":52,"column":15},"end":{"line":52,"column":16}},"loc":{"start":{"line":52,"column":36},"end":{"line":58,"column":9}},"line":52},"5":{"name":"request","decl":{"start":{"line":62,"column":15},"end":{"line":62,"column":22}},"loc":{"start":{"line":62,"column":97},"end":{"line":66,"column":1}},"line":62},"6":{"name":"(anonymous_6)","decl":{"start":{"line":64,"column":14},"end":{"line":64,"column":15}},"loc":{"start":{"line":64,"column":21},"end":{"line":64,"column":73}},"line":64},"7":{"name":"(anonymous_7)","decl":{"start":{"line":65,"column":15},"end":{"line":65,"column":16}},"loc":{"start":{"line":65,"column":22},"end":{"line":65,"column":41}},"line":65},"8":{"name":"requestData","decl":{"start":{"line":69,"column":15},"end":{"line":69,"column":26}},"loc":{"start":{"line":69,"column":112},"end":{"line":73,"column":1}},"line":69},"9":{"name":"(anonymous_9)","decl":{"start":{"line":71,"column":14},"end":{"line":71,"column":15}},"loc":{"start":{"line":71,"column":21},"end":{"line":71,"column":73}},"line":71},"10":{"name":"(anonymous_10)","decl":{"start":{"line":72,"column":15},"end":{"line":72,"column":16}},"loc":{"start":{"line":72,"column":22},"end":{"line":72,"column":41}},"line":72}},"branchMap":{"0":{"loc":{"start":{"line":4,"column":25},"end":{"line":4,"column":63}},"type":"default-arg","locations":[{"start":{"line":4,"column":47},"end":{"line":4,"column":63}}],"line":4},"1":{"loc":{"start":{"line":9,"column":4},"end":{"line":13,"column":5}},"type":"if","locations":[{"start":{"line":9,"column":4},"end":{"line":13,"column":5}},{"start":{"line":11,"column":12},"end":{"line":13,"column":5}}],"line":9},"2":{"loc":{"start":{"line":49,"column":25},"end":{"line":49,"column":56}},"type":"binary-expr","locations":[{"start":{"line":49,"column":25},"end":{"line":49,"column":50}},{"start":{"line":49,"column":54},"end":{"line":49,"column":56}}],"line":49},"3":{"loc":{"start":{"line":53,"column":12},"end":{"line":55,"column":13}},"type":"if","locations":[{"start":{"line":53,"column":12},"end":{"line":55,"column":13}},{"start":{},"end":{}}],"line":53}},"s":{"0":0,"1":0,"2":0,"3":0,"4":0,"5":0,"6":0,"7":0,"8":0,"9":0,"10":0,"11":0,"12":0,"13":0,"14":0,"15":0,"16":0,"17":0,"18":0,"19":0,"20":0,"21":0},"f":{"0":0,"1":0,"2":0,"3":0,"4":0,"5":0,"6":0,"7":0,"8":0,"9":0,"10":0},"b":{"0":[0],"1":[0,0],"2":[0,0],"3":[0,0]}}
,"/Users/surajauwal/projects/imagyne/mobile-apps/hades/mobile-app/api/logging.util.ts": {"path":"/Users/surajauwal/projects/imagyne/mobile-apps/hades/mobile-app/api/logging.util.ts","statementMap":{"0":{"start":{"line":4,"column":22},"end":{"line":19,"column":1}},"1":{"start":{"line":7,"column":8},"end":{"line":7,"column":30}},"2":{"start":{"line":12,"column":8},"end":{"line":12,"column":29}},"3":{"start":{"line":17,"column":8},"end":{"line":17,"column":28}}},"fnMap":{"0":{"name":"(anonymous_0)","decl":{"start":{"line":5,"column":11},"end":{"line":5,"column":12}},"loc":{"start":{"line":5,"column":35},"end":{"line":8,"column":5}},"line":5},"1":{"name":"(anonymous_1)","decl":{"start":{"line":10,"column":10},"end":{"line":10,"column":11}},"loc":{"start":{"line":10,"column":34},"end":{"line":13,"column":5}},"line":10},"2":{"name":"(anonymous_2)","decl":{"start":{"line":15,"column":10},"end":{"line":15,"column":11}},"loc":{"start":{"line":15,"column":34},"end":{"line":18,"column":5}},"line":15}},"branchMap":{},"s":{"0":1,"1":0,"2":0,"3":0},"f":{"0":0,"1":0,"2":0},"b":{},"_coverageSchema":"1a1c01bbd47fc00a2c39e90264f33305004495a9","hash":"ee8c7cd6b844a4ae4e22aa6d6e4b844c45aa4870"}
,"/Users/surajauwal/projects/imagyne/mobile-apps/hades/mobile-app/api/network.mapper.ts": {"path":"/Users/surajauwal/projects/imagyne/mobile-apps/hades/mobile-app/api/network.mapper.ts","statementMap":{"0":{"start":{"line":5,"column":58},"end":{"line":8,"column":1}},"1":{"start":{"line":11,"column":65},"end":{"line":16,"column":1}},"2":{"start":{"line":18,"column":52},"end":{"line":22,"column":1}}},"fnMap":{},"branchMap":{"0":{"loc":{"start":{"line":7,"column":16},"end":{"line":7,"column":119}},"type":"binary-expr","locations":[{"start":{"line":7,"column":16},"end":{"line":7,"column":35}},{"start":{"line":7,"column":39},"end":{"line":7,"column":119}}],"line":7}},"s":{"0":0,"1":0,"2":0},"f":{},"b":{"0":[0,0]}}
,"/Users/surajauwal/projects/imagyne/mobile-apps/hades/mobile-app/api/persistence.ts": {"path":"/Users/surajauwal/projects/imagyne/mobile-apps/hades/mobile-app/api/persistence.ts","statementMap":{"0":{"start":{"line":8,"column":16},"end":{"line":8,"column":56}},"1":{"start":{"line":10,"column":4},"end":{"line":12,"column":5}},"2":{"start":{"line":11,"column":8},"end":{"line":11,"column":20}},"3":{"start":{"line":14,"column":4},"end":{"line":14,"column":15}},"4":{"start":{"line":18,"column":2},"end":{"line":18,"column":56}},"5":{"start":{"line":22,"column":4},"end":{"line":22,"column":54}},"6":{"start":{"line":25,"column":27},"end":{"line":28,"column":1}}},"fnMap":{"0":{"name":"get","decl":{"start":{"line":7,"column":15},"end":{"line":7,"column":18}},"loc":{"start":{"line":7,"column":46},"end":{"line":15,"column":1}},"line":7},"1":{"name":"set","decl":{"start":{"line":17,"column":15},"end":{"line":17,"column":18}},"loc":{"start":{"line":17,"column":50},"end":{"line":19,"column":1}},"line":17},"2":{"name":"clear","decl":{"start":{"line":21,"column":22},"end":{"line":21,"column":27}},"loc":{"start":{"line":21,"column":46},"end":{"line":23,"column":1}},"line":21}},"branchMap":{"0":{"loc":{"start":{"line":10,"column":4},"end":{"line":12,"column":5}},"type":"if","locations":[{"start":{"line":10,"column":4},"end":{"line":12,"column":5}},{"start":{},"end":{}}],"line":10},"1":{"loc":{"start":{"line":10,"column":8},"end":{"line":10,"column":43}},"type":"binary-expr","locations":[{"start":{"line":10,"column":8},"end":{"line":10,"column":22}},{"start":{"line":10,"column":26},"end":{"line":10,"column":43}}],"line":10}},"s":{"0":0,"1":0,"2":0,"3":0,"4":0,"5":0,"6":0},"f":{"0":0,"1":0,"2":0},"b":{"0":[0,0],"1":[0,0]}}
,"/Users/surajauwal/projects/imagyne/mobile-apps/hades/mobile-app/components/commons/IconComponent.tsx": {"path":"/Users/surajauwal/projects/imagyne/mobile-apps/hades/mobile-app/components/commons/IconComponent.tsx","statementMap":{"0":{"start":{"line":28,"column":8},"end":{"line":28,"column":13}},"1":{"start":{"line":29,"column":4},"end":{"line":39,"column":5}},"2":{"start":{"line":31,"column":12},"end":{"line":31,"column":75}},"3":{"start":{"line":33,"column":12},"end":{"line":33,"column":66}},"4":{"start":{"line":36,"column":12},"end":{"line":36,"column":60}},"5":{"start":{"line":38,"column":9},"end":{"line":38,"column":21}}},"fnMap":{"0":{"name":"IconComponent","decl":{"start":{"line":23,"column":16},"end":{"line":23,"column":29}},"loc":{"start":{"line":23,"column":58},"end":{"line":40,"column":1}},"line":23}},"branchMap":{"0":{"loc":{"start":{"line":29,"column":4},"end":{"line":39,"column":5}},"type":"switch","locations":[{"start":{"line":30,"column":8},"end":{"line":31,"column":75}},{"start":{"line":32,"column":8},"end":{"line":33,"column":66}},{"start":{"line":35,"column":8},"end":{"line":36,"column":60}},{"start":{"line":37,"column":8},"end":{"line":38,"column":21}}],"line":29}},"s":{"0":2,"1":2,"2":0,"3":0,"4":2,"5":0},"f":{"0":2},"b":{"0":[0,0,2,0]},"_coverageSchema":"1a1c01bbd47fc00a2c39e90264f33305004495a9","hash":"7853900e43eedc3dcd2659eb02888f5b0591b92e"}
,"/Users/surajauwal/projects/imagyne/mobile-apps/hades/mobile-app/components/commons/LoaderComponent.tsx": {"path":"/Users/surajauwal/projects/imagyne/mobile-apps/hades/mobile-app/components/commons/LoaderComponent.tsx","statementMap":{"0":{"start":{"line":8,"column":44},"end":{"line":8,"column":49}},"1":{"start":{"line":9,"column":4},"end":{"line":13,"column":5}}},"fnMap":{"0":{"name":"LoaderComponent","decl":{"start":{"line":7,"column":16},"end":{"line":7,"column":31}},"loc":{"start":{"line":7,"column":75},"end":{"line":14,"column":1}},"line":7}},"branchMap":{},"s":{"0":1,"1":1},"f":{"0":1},"b":{},"_coverageSchema":"1a1c01bbd47fc00a2c39e90264f33305004495a9","hash":"48dfe37767c53ddfc7ed71e0737f69e713fca4dd"}
,"/Users/surajauwal/projects/imagyne/mobile-apps/hades/mobile-app/components/commons/buttons/GenericButton.tsx": {"path":"/Users/surajauwal/projects/imagyne/mobile-apps/hades/mobile-app/components/commons/buttons/GenericButton.tsx","statementMap":{"0":{"start":{"line":24,"column":8},"end":{"line":24,"column":13}},"1":{"start":{"line":25,"column":26},"end":{"line":25,"column":29}},"2":{"start":{"line":26,"column":4},"end":{"line":34,"column":5}}},"fnMap":{"0":{"name":"GenericButton","decl":{"start":{"line":17,"column":16},"end":{"line":17,"column":29}},"loc":{"start":{"line":17,"column":58},"end":{"line":35,"column":1}},"line":17}},"branchMap":{},"s":{"0":2,"1":2,"2":2},"f":{"0":2},"b":{},"_coverageSchema":"1a1c01bbd47fc00a2c39e90264f33305004495a9","hash":"50f557f7a1d57ad5ee064a1cfe5b13e9a9e8543c"}
,"/Users/surajauwal/projects/imagyne/mobile-apps/hades/mobile-app/components/commons/buttons/IconButton.tsx": {"path":"/Users/surajauwal/projects/imagyne/mobile-apps/hades/mobile-app/components/commons/buttons/IconButton.tsx","statementMap":{"0":{"start":{"line":18,"column":31},"end":{"line":18,"column":36}},"1":{"start":{"line":19,"column":4},"end":{"line":41,"column":5}}},"fnMap":{"0":{"name":"IconButton","decl":{"start":{"line":17,"column":16},"end":{"line":17,"column":26}},"loc":{"start":{"line":17,"column":65},"end":{"line":42,"column":1}},"line":17}},"branchMap":{"0":{"loc":{"start":{"line":18,"column":11},"end":{"line":18,"column":27}},"type":"default-arg","locations":[{"start":{"line":18,"column":22},"end":{"line":18,"column":27}}],"line":18},"1":{"loc":{"start":{"line":26,"column":13},"end":{"line":33,"column":13}},"type":"binary-expr","locations":[{"start":{"line":26,"column":13},"end":{"line":26,"column":41}},{"start":{"line":26,"column":45},"end":{"line":26,"column":73}},{"start":{"line":27,"column":16},"end":{"line":32,"column":18}}],"line":26},"2":{"loc":{"start":{"line":35,"column":13},"end":{"line":39,"column":13}},"type":"binary-expr","locations":[{"start":{"line":35,"column":13},"end":{"line":35,"column":42}},{"start":{"line":36,"column":16},"end":{"line":38,"column":23}}],"line":35}},"s":{"0":1,"1":1},"f":{"0":1},"b":{"0":[1],"1":[1,1,1],"2":[1,0]},"_coverageSchema":"1a1c01bbd47fc00a2c39e90264f33305004495a9","hash":"2f395d9dcfea5ca376e11e77c7d309ad3dcc37fc"}
,"/Users/surajauwal/projects/imagyne/mobile-apps/hades/mobile-app/components/commons/inputs/TextInput.tsx": {"path":"/Users/surajauwal/projects/imagyne/mobile-apps/hades/mobile-app/components/commons/inputs/TextInput.tsx","statementMap":{"0":{"start":{"line":23,"column":8},"end":{"line":23,"column":13}},"1":{"start":{"line":24,"column":4},"end":{"line":33,"column":5}}},"fnMap":{"0":{"name":"TextArea","decl":{"start":{"line":16,"column":16},"end":{"line":16,"column":24}},"loc":{"start":{"line":16,"column":61},"end":{"line":34,"column":1}},"line":16}},"branchMap":{"0":{"loc":{"start":{"line":20,"column":8},"end":{"line":20,"column":31}},"type":"default-arg","locations":[{"start":{"line":20,"column":22},"end":{"line":20,"column":31}}],"line":20}},"s":{"0":0,"1":0},"f":{"0":0},"b":{"0":[0]}}
,"/Users/surajauwal/projects/imagyne/mobile-apps/hades/mobile-app/components/commons/inputs/TextInputWithLabel.tsx": {"path":"/Users/surajauwal/projects/imagyne/mobile-apps/hades/mobile-app/components/commons/inputs/TextInputWithLabel.tsx","statementMap":{"0":{"start":{"line":12,"column":36},"end":{"line":37,"column":1}},"1":{"start":{"line":21,"column":12},"end":{"line":21,"column":17}},"2":{"start":{"line":22,"column":8},"end":{"line":35,"column":9}}},"fnMap":{"0":{"name":"(anonymous_0)","decl":{"start":{"line":13,"column":4},"end":{"line":13,"column":5}},"loc":{"start":{"line":13,"column":58},"end":{"line":36,"column":5}},"line":13}},"branchMap":{},"s":{"0":2,"1":7,"2":7},"f":{"0":7},"b":{},"_coverageSchema":"1a1c01bbd47fc00a2c39e90264f33305004495a9","hash":"c28a5148c72a01317fb9fdc9edca76950a077d3f"}
,"/Users/surajauwal/projects/imagyne/mobile-apps/hades/mobile-app/components/views/ScrolledView.tsx": {"path":"/Users/surajauwal/projects/imagyne/mobile-apps/hades/mobile-app/components/views/ScrolledView.tsx","statementMap":{"0":{"start":{"line":11,"column":28},"end":{"line":23,"column":1}},"1":{"start":{"line":13,"column":33},"end":{"line":13,"column":38}},"2":{"start":{"line":15,"column":8},"end":{"line":21,"column":10}}},"fnMap":{"0":{"name":"(anonymous_0)","decl":{"start":{"line":12,"column":4},"end":{"line":12,"column":5}},"loc":{"start":{"line":12,"column":56},"end":{"line":22,"column":5}},"line":12}},"branchMap":{},"s":{"0":1,"1":1,"2":1},"f":{"0":1},"b":{},"_coverageSchema":"1a1c01bbd47fc00a2c39e90264f33305004495a9","hash":"d6238e05154bd484b9bf5dd2e66cd3f9a7e5bd5d"}
,"/Users/surajauwal/projects/imagyne/mobile-apps/hades/mobile-app/contexts/AuthPersistenceProvider.tsx": {"path":"/Users/surajauwal/projects/imagyne/mobile-apps/hades/mobile-app/contexts/AuthPersistenceProvider.tsx","statementMap":{"0":{"start":{"line":17,"column":31},"end":{"line":19,"column":1}},"1":{"start":{"line":23,"column":4},"end":{"line":23,"column":46}},"2":{"start":{"line":36,"column":20},"end":{"line":36,"column":25}},"3":{"start":{"line":37,"column":50},"end":{"line":37,"column":65}},"4":{"start":{"line":38,"column":30},"end":{"line":38,"column":59}},"5":{"start":{"line":40,"column":4},"end":{"line":56,"column":11}},"6":{"start":{"line":41,"column":8},"end":{"line":55,"column":14}},"7":{"start":{"line":44,"column":16},"end":{"line":49,"column":17}},"8":{"start":{"line":45,"column":20},"end":{"line":45,"column":44}},"9":{"start":{"line":46,"column":20},"end":{"line":46,"column":35}},"10":{"start":{"line":48,"column":20},"end":{"line":48,"column":37}},"11":{"start":{"line":53,"column":16},"end":{"line":53,"column":30}},"12":{"start":{"line":54,"column":16},"end":{"line":54,"column":41}},"13":{"start":{"line":58,"column":41},"end":{"line":70,"column":5}},"14":{"start":{"line":62,"column":12},"end":{"line":62,"column":33}},"15":{"start":{"line":63,"column":12},"end":{"line":63,"column":38}},"16":{"start":{"line":64,"column":12},"end":{"line":64,"column":36}},"17":{"start":{"line":67,"column":12},"end":{"line":67,"column":30}},"18":{"start":{"line":68,"column":12},"end":{"line":68,"column":38}},"19":{"start":{"line":72,"column":4},"end":{"line":76,"column":6}}},"fnMap":{"0":{"name":"useAuthPersistence","decl":{"start":{"line":22,"column":16},"end":{"line":22,"column":34}},"loc":{"start":{"line":22,"column":55},"end":{"line":24,"column":1}},"line":22},"1":{"name":"AuthPersistenceProvider","decl":{"start":{"line":33,"column":16},"end":{"line":33,"column":39}},"loc":{"start":{"line":35,"column":22},"end":{"line":77,"column":1}},"line":35},"2":{"name":"(anonymous_2)","decl":{"start":{"line":40,"column":14},"end":{"line":40,"column":15}},"loc":{"start":{"line":40,"column":20},"end":{"line":56,"column":5}},"line":40},"3":{"name":"(anonymous_3)","decl":{"start":{"line":43,"column":18},"end":{"line":43,"column":19}},"loc":{"start":{"line":43,"column":44},"end":{"line":51,"column":13}},"line":43},"4":{"name":"(anonymous_4)","decl":{"start":{"line":52,"column":19},"end":{"line":52,"column":20}},"loc":{"start":{"line":52,"column":25},"end":{"line":55,"column":13}},"line":52},"5":{"name":"(anonymous_5)","decl":{"start":{"line":61,"column":8},"end":{"line":61,"column":9}},"loc":{"start":{"line":61,"column":53},"end":{"line":65,"column":9}},"line":61},"6":{"name":"(anonymous_6)","decl":{"start":{"line":66,"column":8},"end":{"line":66,"column":9}},"loc":{"start":{"line":66,"column":42},"end":{"line":69,"column":9}},"line":66}},"branchMap":{"0":{"loc":{"start":{"line":44,"column":16},"end":{"line":49,"column":17}},"type":"if","locations":[{"start":{"line":44,"column":16},"end":{"line":49,"column":17}},{"start":{"line":47,"column":23},"end":{"line":49,"column":17}}],"line":44}},"s":{"0":0,"1":0,"2":0,"3":0,"4":0,"5":0,"6":0,"7":0,"8":0,"9":0,"10":0,"11":0,"12":0,"13":0,"14":0,"15":0,"16":0,"17":0,"18":0,"19":0},"f":{"0":0,"1":0,"2":0,"3":0,"4":0,"5":0,"6":0},"b":{"0":[0,0]}}
,"/Users/surajauwal/projects/imagyne/mobile-apps/hades/mobile-app/contexts/NativeLoggingProvider.tsx": {"path":"/Users/surajauwal/projects/imagyne/mobile-apps/hades/mobile-app/contexts/NativeLoggingProvider.tsx","statementMap":{"0":{"start":{"line":9,"column":29},"end":{"line":9,"column":73}},"1":{"start":{"line":18,"column":4},"end":{"line":18,"column":44}},"2":{"start":{"line":24,"column":40},"end":{"line":24,"column":46}},"3":{"start":{"line":26,"column":4},"end":{"line":30,"column":6}}},"fnMap":{"0":{"name":"useLogger","decl":{"start":{"line":17,"column":16},"end":{"line":17,"column":25}},"loc":{"start":{"line":17,"column":48},"end":{"line":19,"column":1}},"line":17},"1":{"name":"NativeLoggingProvider","decl":{"start":{"line":21,"column":16},"end":{"line":21,"column":37}},"loc":{"start":{"line":23,"column":22},"end":{"line":31,"column":1}},"line":23}},"branchMap":{},"s":{"0":0,"1":0,"2":0,"3":0},"f":{"0":0,"1":0},"b":{}}
,"/Users/surajauwal/projects/imagyne/mobile-apps/hades/mobile-app/hooks/useCachedResource.tsx": {"path":"/Users/surajauwal/projects/imagyne/mobile-apps/hades/mobile-app/hooks/useCachedResource.tsx","statementMap":{"0":{"start":{"line":20,"column":36},"end":{"line":20,"column":60}},"1":{"start":{"line":22,"column":4},"end":{"line":26,"column":10}},"2":{"start":{"line":23,"column":8},"end":{"line":25,"column":10}},"3":{"start":{"line":24,"column":12},"end":{"line":24,"column":29}},"4":{"start":{"line":28,"column":4},"end":{"line":28,"column":19}},"5":{"start":{"line":32,"column":4},"end":{"line":45,"column":5}},"6":{"start":{"line":33,"column":8},"end":{"line":42,"column":10}},"7":{"start":{"line":44,"column":8},"end":{"line":44,"column":27}}},"fnMap":{"0":{"name":"useCachedResource","decl":{"start":{"line":19,"column":16},"end":{"line":19,"column":33}},"loc":{"start":{"line":19,"column":46},"end":{"line":29,"column":1}},"line":19},"1":{"name":"(anonymous_1)","decl":{"start":{"line":22,"column":14},"end":{"line":22,"column":15}},"loc":{"start":{"line":22,"column":19},"end":{"line":26,"column":5}},"line":22},"2":{"name":"(anonymous_2)","decl":{"start":{"line":23,"column":42},"end":{"line":23,"column":43}},"loc":{"start":{"line":23,"column":48},"end":{"line":25,"column":9}},"line":23},"3":{"name":"LoadCachedResourceAsync","decl":{"start":{"line":31,"column":15},"end":{"line":31,"column":38}},"loc":{"start":{"line":31,"column":57},"end":{"line":46,"column":1}},"line":31}},"branchMap":{},"s":{"0":0,"1":0,"2":0,"3":0,"4":0,"5":0,"6":0,"7":0},"f":{"0":0,"1":0,"2":0,"3":0},"b":{}}
,"/Users/surajauwal/projects/imagyne/mobile-apps/hades/mobile-app/screens/Main.tsx": {"path":"/Users/surajauwal/projects/imagyne/mobile-apps/hades/mobile-app/screens/Main.tsx","statementMap":{"0":{"start":{"line":7,"column":4},"end":{"line":12,"column":5}}},"fnMap":{"0":{"name":"MainScreen","decl":{"start":{"line":5,"column":16},"end":{"line":5,"column":26}},"loc":{"start":{"line":5,"column":43},"end":{"line":13,"column":1}},"line":5}},"branchMap":{},"s":{"0":0},"f":{"0":0},"b":{}}
,"/Users/surajauwal/projects/imagyne/mobile-apps/hades/mobile-app/screens/RootNavigator.tsx": {"path":"/Users/surajauwal/projects/imagyne/mobile-apps/hades/mobile-app/screens/RootNavigator.tsx","statementMap":{"0":{"start":{"line":5,"column":31},"end":{"line":5,"column":51}},"1":{"start":{"line":6,"column":4},"end":{"line":8,"column":5}},"2":{"start":{"line":7,"column":8},"end":{"line":7,"column":20}},"3":{"start":{"line":9,"column":4},"end":{"line":11,"column":5}}},"fnMap":{"0":{"name":"RootNavigator","decl":{"start":{"line":4,"column":16},"end":{"line":4,"column":29}},"loc":{"start":{"line":4,"column":46},"end":{"line":12,"column":1}},"line":4}},"branchMap":{"0":{"loc":{"start":{"line":6,"column":4},"end":{"line":8,"column":5}},"type":"if","locations":[{"start":{"line":6,"column":4},"end":{"line":8,"column":5}},{"start":{},"end":{}}],"line":6}},"s":{"0":0,"1":0,"2":0,"3":0},"f":{"0":0},"b":{"0":[0,0]}}
,"/Users/surajauwal/projects/imagyne/mobile-apps/hades/mobile-app/screens/AppNavigator/AppNav.tsx": {"path":"/Users/surajauwal/projects/imagyne/mobile-apps/hades/mobile-app/screens/AppNavigator/AppNav.tsx","statementMap":{},"fnMap":{},"branchMap":{},"s":{},"f":{},"b":{}}
,"/Users/surajauwal/projects/imagyne/mobile-apps/hades/mobile-app/screens/ErrorBoundary/ErrorBoundary.tsx": {"path":"/Users/surajauwal/projects/imagyne/mobile-apps/hades/mobile-app/screens/ErrorBoundary/ErrorBoundary.tsx","statementMap":{"0":{"start":{"line":15,"column":4},"end":{"line":23,"column":5}},"1":{"start":{"line":28,"column":8},"end":{"line":28,"column":21}},"2":{"start":{"line":29,"column":8},"end":{"line":29,"column":37}},"3":{"start":{"line":33,"column":8},"end":{"line":33,"column":31}},"4":{"start":{"line":38,"column":8},"end":{"line":38,"column":28}},"5":{"start":{"line":39,"column":8},"end":{"line":39,"column":32}},"6":{"start":{"line":43,"column":6},"end":{"line":43,"column":85}}},"fnMap":{"0":{"name":"ErrorBoundaryComponent","decl":{"start":{"line":14,"column":9},"end":{"line":14,"column":31}},"loc":{"start":{"line":14,"column":47},"end":{"line":24,"column":1}},"line":14},"1":{"name":"(anonymous_1)","decl":{"start":{"line":27,"column":4},"end":{"line":27,"column":5}},"loc":{"start":{"line":27,"column":30},"end":{"line":30,"column":5}},"line":27},"2":{"name":"(anonymous_2)","decl":{"start":{"line":32,"column":4},"end":{"line":32,"column":5}},"loc":{"start":{"line":32,"column":47},"end":{"line":34,"column":5}},"line":32},"3":{"name":"(anonymous_3)","decl":{"start":{"line":36,"column":4},"end":{"line":36,"column":5}},"loc":{"start":{"line":36,"column":55},"end":{"line":40,"column":5}},"line":36},"4":{"name":"(anonymous_4)","decl":{"start":{"line":42,"column":4},"end":{"line":42,"column":5}},"loc":{"start":{"line":42,"column":26},"end":{"line":44,"column":5}},"line":42}},"branchMap":{"0":{"loc":{"start":{"line":43,"column":14},"end":{"line":43,"column":85}},"type":"cond-expr","locations":[{"start":{"line":43,"column":36},"end":{"line":43,"column":62}},{"start":{"line":43,"column":65},"end":{"line":43,"column":84}}],"line":43}},"s":{"0":0,"1":1,"2":1,"3":0,"4":0,"5":0,"6":1},"f":{"0":0,"1":1,"2":0,"3":0,"4":1},"b":{"0":[0,1]},"_coverageSchema":"1a1c01bbd47fc00a2c39e90264f33305004495a9","hash":"9973737bb5f07a02fe43a9429c81dff1356d04bc"}
,"/Users/surajauwal/projects/imagyne/mobile-apps/hades/mobile-app/screens/OnboardingNavigator/OnboardingNav.tsx": {"path":"/Users/surajauwal/projects/imagyne/mobile-apps/hades/mobile-app/screens/OnboardingNavigator/OnboardingNav.tsx","statementMap":{"0":{"start":{"line":30,"column":24},"end":{"line":30,"column":68}},"1":{"start":{"line":32,"column":76},"end":{"line":43,"column":1}},"2":{"start":{"line":47,"column":26},"end":{"line":47,"column":93}},"3":{"start":{"line":49,"column":8},"end":{"line":90,"column":9}},"4":{"start":{"line":76,"column":38},"end":{"line":76,"column":69}},"5":{"start":{"line":85,"column":38},"end":{"line":85,"column":94}},"6":{"start":{"line":93,"column":4},"end":{"line":100,"column":5}}},"fnMap":{"0":{"name":"OnboardingNagivator","decl":{"start":{"line":46,"column":16},"end":{"line":46,"column":35}},"loc":{"start":{"line":46,"column":52},"end":{"line":101,"column":1}},"line":46},"1":{"name":"OnboardingStacks","decl":{"start":{"line":48,"column":13},"end":{"line":48,"column":29}},"loc":{"start":{"line":48,"column":46},"end":{"line":91,"column":5}},"line":48},"2":{"name":"(anonymous_2)","decl":{"start":{"line":76,"column":32},"end":{"line":76,"column":33}},"loc":{"start":{"line":76,"column":38},"end":{"line":76,"column":69}},"line":76},"3":{"name":"(anonymous_3)","decl":{"start":{"line":85,"column":32},"end":{"line":85,"column":33}},"loc":{"start":{"line":85,"column":38},"end":{"line":85,"column":94}},"line":85}},"branchMap":{},"s":{"0":0,"1":0,"2":0,"3":0,"4":0,"5":0,"6":0},"f":{"0":0,"1":0,"2":0,"3":0},"b":{}}
,"/Users/surajauwal/projects/imagyne/mobile-apps/hades/mobile-app/screens/OnboardingNavigator/ScreenName.enum.ts": {"path":"/Users/surajauwal/projects/imagyne/mobile-apps/hades/mobile-app/screens/OnboardingNavigator/ScreenName.enum.ts","statementMap":{},"fnMap":{},"branchMap":{},"s":{},"f":{},"b":{},"_coverageSchema":"1a1c01bbd47fc00a2c39e90264f33305004495a9","hash":"f7ba280401202b4a711438da028aaca151b0a518"}
,"/Users/surajauwal/projects/imagyne/mobile-apps/hades/mobile-app/screens/OnboardingNavigator/screens/Onboarding.screen.tsx": {"path":"/Users/surajauwal/projects/imagyne/mobile-apps/hades/mobile-app/screens/OnboardingNavigator/screens/Onboarding.screen.tsx","statementMap":{"0":{"start":{"line":14,"column":22},"end":{"line":14,"column":75}},"1":{"start":{"line":15,"column":19},"end":{"line":15,"column":30}},"2":{"start":{"line":19,"column":4},"end":{"line":21,"column":11}},"3":{"start":{"line":20,"column":8},"end":{"line":20,"column":53}},"4":{"start":{"line":22,"column":4},"end":{"line":56,"column":5}},"5":{"start":{"line":41,"column":35},"end":{"line":41,"column":91}}},"fnMap":{"0":{"name":"OnboardingScreen","decl":{"start":{"line":13,"column":16},"end":{"line":13,"column":32}},"loc":{"start":{"line":13,"column":49},"end":{"line":57,"column":1}},"line":13},"1":{"name":"(anonymous_1)","decl":{"start":{"line":19,"column":14},"end":{"line":19,"column":15}},"loc":{"start":{"line":19,"column":20},"end":{"line":21,"column":5}},"line":19},"2":{"name":"(anonymous_2)","decl":{"start":{"line":41,"column":29},"end":{"line":41,"column":30}},"loc":{"start":{"line":41,"column":35},"end":{"line":41,"column":91}},"line":41}},"branchMap":{},"s":{"0":0,"1":0,"2":0,"3":0,"4":0,"5":0},"f":{"0":0,"1":0,"2":0},"b":{}}
,"/Users/surajauwal/projects/imagyne/mobile-apps/hades/mobile-app/screens/OnboardingNavigator/screens/Signup/SignupBusiness.screen.tsx": {"path":"/Users/surajauwal/projects/imagyne/mobile-apps/hades/mobile-app/screens/OnboardingNavigator/screens/Signup/SignupBusiness.screen.tsx","statementMap":{"0":{"start":{"line":33,"column":28},"end":{"line":33,"column":58}},"1":{"start":{"line":34,"column":29},"end":{"line":34,"column":59}},"2":{"start":{"line":35,"column":23},"end":{"line":35,"column":53}},"3":{"start":{"line":36,"column":21},"end":{"line":36,"column":51}},"4":{"start":{"line":37,"column":32},"end":{"line":37,"column":49}},"5":{"start":{"line":40,"column":38},"end":{"line":40,"column":62}},"6":{"start":{"line":41,"column":36},"end":{"line":41,"column":60}},"7":{"start":{"line":42,"column":46},"end":{"line":42,"column":82}},"8":{"start":{"line":45,"column":28},"end":{"line":50,"column":6}},"9":{"start":{"line":53,"column":8},"end":{"line":53,"column":47}},"10":{"start":{"line":57,"column":8},"end":{"line":57,"column":63}},"11":{"start":{"line":57,"column":32},"end":{"line":57,"column":61}},"12":{"start":{"line":61,"column":37},"end":{"line":61,"column":39}},"13":{"start":{"line":63,"column":8},"end":{"line":70,"column":10}},"14":{"start":{"line":65,"column":12},"end":{"line":69,"column":13}},"15":{"start":{"line":66,"column":16},"end":{"line":66,"column":38}},"16":{"start":{"line":68,"column":16},"end":{"line":68,"column":39}},"17":{"start":{"line":72,"column":8},"end":{"line":72,"column":48}},"18":{"start":{"line":72,"column":41},"end":{"line":72,"column":47}},"19":{"start":{"line":76,"column":0},"end":{"line":98,"column":9}},"20":{"start":{"line":77,"column":12},"end":{"line":77,"column":31}},"21":{"start":{"line":78,"column":12},"end":{"line":78,"column":32}},"22":{"start":{"line":79,"column":12},"end":{"line":79,"column":29}},"23":{"start":{"line":80,"column":12},"end":{"line":87,"column":14}},"24":{"start":{"line":88,"column":12},"end":{"line":88,"column":23}},"25":{"start":{"line":90,"column":12},"end":{"line":90,"column":30}},"26":{"start":{"line":91,"column":12},"end":{"line":95,"column":13}},"27":{"start":{"line":92,"column":16},"end":{"line":92,"column":67}},"28":{"start":{"line":94,"column":16},"end":{"line":94,"column":47}},"29":{"start":{"line":97,"column":12},"end":{"line":97,"column":30}},"30":{"start":{"line":103,"column":8},"end":{"line":103,"column":24}},"31":{"start":{"line":106,"column":4},"end":{"line":195,"column":5}},"32":{"start":{"line":110,"column":20},"end":{"line":114,"column":21}},"33":{"start":{"line":111,"column":24},"end":{"line":113,"column":26}},"34":{"start":{"line":112,"column":28},"end":{"line":112,"column":70}},"35":{"start":{"line":116,"column":20},"end":{"line":118,"column":21}},"36":{"start":{"line":117,"column":24},"end":{"line":117,"column":90}},"37":{"start":{"line":128,"column":45},"end":{"line":128,"column":76}},"38":{"start":{"line":129,"column":43},"end":{"line":129,"column":77}},"39":{"start":{"line":139,"column":45},"end":{"line":139,"column":83}},"40":{"start":{"line":140,"column":43},"end":{"line":140,"column":71}},"41":{"start":{"line":150,"column":45},"end":{"line":150,"column":71}},"42":{"start":{"line":151,"column":43},"end":{"line":151,"column":69}},"43":{"start":{"line":162,"column":24},"end":{"line":162,"column":48}},"44":{"start":{"line":199,"column":4},"end":{"line":201,"column":5}}},"fnMap":{"0":{"name":"SignupBusinessScreen","decl":{"start":{"line":31,"column":16},"end":{"line":31,"column":36}},"loc":{"start":{"line":31,"column":82},"end":{"line":196,"column":1}},"line":31},"1":{"name":"openModal","decl":{"start":{"line":52,"column":13},"end":{"line":52,"column":22}},"loc":{"start":{"line":52,"column":32},"end":{"line":54,"column":5}},"line":52},"2":{"name":"onChange","decl":{"start":{"line":56,"column":13},"end":{"line":56,"column":21}},"loc":{"start":{"line":56,"column":58},"end":{"line":58,"column":5}},"line":56},"3":{"name":"(anonymous_3)","decl":{"start":{"line":57,"column":16},"end":{"line":57,"column":17}},"loc":{"start":{"line":57,"column":32},"end":{"line":57,"column":61}},"line":57},"4":{"name":"checkNullState","decl":{"start":{"line":60,"column":13},"end":{"line":60,"column":27}},"loc":{"start":{"line":60,"column":40},"end":{"line":73,"column":5}},"line":60},"5":{"name":"(anonymous_5)","decl":{"start":{"line":63,"column":34},"end":{"line":63,"column":35}},"loc":{"start":{"line":63,"column":48},"end":{"line":70,"column":9}},"line":63},"6":{"name":"(anonymous_6)","decl":{"start":{"line":72,"column":32},"end":{"line":72,"column":33}},"loc":{"start":{"line":72,"column":41},"end":{"line":72,"column":47}},"line":72},"7":{"name":"onContinuePress","decl":{"start":{"line":75,"column":19},"end":{"line":75,"column":34}},"loc":{"start":{"line":75,"column":53},"end":{"line":99,"column":5}},"line":75},"8":{"name":"dismissKeyboard","decl":{"start":{"line":102,"column":13},"end":{"line":102,"column":28}},"loc":{"start":{"line":102,"column":32},"end":{"line":104,"column":5}},"line":102},"9":{"name":"(anonymous_9)","decl":{"start":{"line":109,"column":18},"end":{"line":109,"column":19}},"loc":{"start":{"line":109,"column":24},"end":{"line":120,"column":17}},"line":109},"10":{"name":"(anonymous_10)","decl":{"start":{"line":111,"column":49},"end":{"line":111,"column":50}},"loc":{"start":{"line":112,"column":28},"end":{"line":112,"column":70}},"line":112},"11":{"name":"(anonymous_11)","decl":{"start":{"line":128,"column":34},"end":{"line":128,"column":35}},"loc":{"start":{"line":128,"column":45},"end":{"line":128,"column":76}},"line":128},"12":{"name":"(anonymous_12)","decl":{"start":{"line":129,"column":37},"end":{"line":129,"column":38}},"loc":{"start":{"line":129,"column":43},"end":{"line":129,"column":77}},"line":129},"13":{"name":"(anonymous_13)","decl":{"start":{"line":139,"column":34},"end":{"line":139,"column":35}},"loc":{"start":{"line":139,"column":45},"end":{"line":139,"column":83}},"line":139},"14":{"name":"(anonymous_14)","decl":{"start":{"line":140,"column":37},"end":{"line":140,"column":38}},"loc":{"start":{"line":140,"column":43},"end":{"line":140,"column":71}},"line":140},"15":{"name":"(anonymous_15)","decl":{"start":{"line":150,"column":34},"end":{"line":150,"column":35}},"loc":{"start":{"line":150,"column":45},"end":{"line":150,"column":71}},"line":150},"16":{"name":"(anonymous_16)","decl":{"start":{"line":151,"column":37},"end":{"line":151,"column":38}},"loc":{"start":{"line":151,"column":43},"end":{"line":151,"column":69}},"line":151},"17":{"name":"(anonymous_17)","decl":{"start":{"line":161,"column":34},"end":{"line":161,"column":35}},"loc":{"start":{"line":161,"column":45},"end":{"line":163,"column":21}},"line":161},"18":{"name":"ErrorMessage","decl":{"start":{"line":198,"column":9},"end":{"line":198,"column":21}},"loc":{"start":{"line":198,"column":62},"end":{"line":202,"column":1}},"line":198}},"branchMap":{"0":{"loc":{"start":{"line":65,"column":12},"end":{"line":69,"column":13}},"type":"if","locations":[{"start":{"line":65,"column":12},"end":{"line":69,"column":13}},{"start":{"line":67,"column":19},"end":{"line":69,"column":13}}],"line":65},"1":{"loc":{"start":{"line":65,"column":16},"end":{"line":65,"column":61}},"type":"binary-expr","locations":[{"start":{"line":65,"column":16},"end":{"line":65,"column":32}},{"start":{"line":65,"column":36},"end":{"line":65,"column":61}}],"line":65},"2":{"loc":{"start":{"line":91,"column":12},"end":{"line":95,"column":13}},"type":"if","locations":[{"start":{"line":91,"column":12},"end":{"line":95,"column":13}},{"start":{"line":93,"column":19},"end":{"line":95,"column":13}}],"line":91},"3":{"loc":{"start":{"line":110,"column":20},"end":{"line":114,"column":21}},"type":"if","locations":[{"start":{"line":110,"column":20},"end":{"line":114,"column":21}},{"start":{},"end":{}}],"line":110},"4":{"loc":{"start":{"line":110,"column":23},"end":{"line":110,"column":69}},"type":"binary-expr","locations":[{"start":{"line":110,"column":23},"end":{"line":110,"column":32}},{"start":{"line":110,"column":36},"end":{"line":110,"column":69}}],"line":110},"5":{"loc":{"start":{"line":116,"column":20},"end":{"line":118,"column":21}},"type":"if","locations":[{"start":{"line":116,"column":20},"end":{"line":118,"column":21}},{"start":{},"end":{}}],"line":116},"6":{"loc":{"start":{"line":116,"column":23},"end":{"line":116,"column":69}},"type":"binary-expr","locations":[{"start":{"line":116,"column":23},"end":{"line":116,"column":32}},{"start":{"line":116,"column":36},"end":{"line":116,"column":69}}],"line":116},"7":{"loc":{"start":{"line":166,"column":17},"end":{"line":171,"column":22}},"type":"binary-expr","locations":[{"start":{"line":166,"column":17},"end":{"line":166,"column":25}},{"start":{"line":167,"column":20},"end":{"line":171,"column":22}}],"line":166},"8":{"loc":{"start":{"line":172,"column":17},"end":{"line":190,"column":17}},"type":"binary-expr","locations":[{"start":{"line":172,"column":17},"end":{"line":172,"column":26}},{"start":{"line":173,"column":20},"end":{"line":189,"column":23}}],"line":172}},"s":{"0":0,"1":0,"2":0,"3":0,"4":0,"5":0,"6":0,"7":0,"8":0,"9":0,"10":0,"11":0,"12":0,"13":0,"14":0,"15":0,"16":0,"17":0,"18":0,"19":0,"20":0,"21":0,"22":0,"23":0,"24":0,"25":0,"26":0,"27":0,"28":0,"29":0,"30":0,"31":0,"32":0,"33":0,"34":0,"35":0,"36":0,"37":0,"38":0,"39":0,"40":0,"41":0,"42":0,"43":0,"44":0},"f":{"0":0,"1":0,"2":0,"3":0,"4":0,"5":0,"6":0,"7":0,"8":0,"9":0,"10":0,"11":0,"12":0,"13":0,"14":0,"15":0,"16":0,"17":0,"18":0},"b":{"0":[0,0],"1":[0,0],"2":[0,0],"3":[0,0],"4":[0,0],"5":[0,0],"6":[0,0],"7":[0,0],"8":[0,0]}}
,"/Users/surajauwal/projects/imagyne/mobile-apps/hades/mobile-app/screens/OnboardingNavigator/screens/Signup/SignupProfile.screen.tsx": {"path":"/Users/surajauwal/projects/imagyne/mobile-apps/hades/mobile-app/screens/OnboardingNavigator/screens/Signup/SignupProfile.screen.tsx","statementMap":{"0":{"start":{"line":25,"column":24},"end":{"line":25,"column":54}},"1":{"start":{"line":26,"column":21},"end":{"line":26,"column":51}},"2":{"start":{"line":27,"column":24},"end":{"line":27,"column":54}},"3":{"start":{"line":28,"column":21},"end":{"line":28,"column":51}},"4":{"start":{"line":29,"column":31},"end":{"line":29,"column":61}},"5":{"start":{"line":30,"column":52},"end":{"line":30,"column":76}},"6":{"start":{"line":31,"column":28},"end":{"line":38,"column":6}},"7":{"start":{"line":42,"column":7},"end":{"line":42,"column":62}},"8":{"start":{"line":42,"column":31},"end":{"line":42,"column":60}},"9":{"start":{"line":46,"column":37},"end":{"line":46,"column":39}},"10":{"start":{"line":48,"column":8},"end":{"line":55,"column":10}},"11":{"start":{"line":50,"column":12},"end":{"line":54,"column":13}},"12":{"start":{"line":51,"column":16},"end":{"line":51,"column":38}},"13":{"start":{"line":53,"column":16},"end":{"line":53,"column":39}},"14":{"start":{"line":57,"column":8},"end":{"line":57,"column":68}},"15":{"start":{"line":57,"column":41},"end":{"line":57,"column":47}},"16":{"start":{"line":61,"column":8},"end":{"line":64,"column":9}},"17":{"start":{"line":62,"column":12},"end":{"line":62,"column":37}},"18":{"start":{"line":63,"column":12},"end":{"line":63,"column":18}},"19":{"start":{"line":65,"column":46},"end":{"line":65,"column":50}},"20":{"start":{"line":66,"column":8},"end":{"line":72,"column":10}},"21":{"start":{"line":76,"column":8},"end":{"line":76,"column":24}},"22":{"start":{"line":80,"column":4},"end":{"line":168,"column":5}},"23":{"start":{"line":91,"column":47},"end":{"line":91,"column":75}},"24":{"start":{"line":92,"column":45},"end":{"line":92,"column":74}},"25":{"start":{"line":103,"column":49},"end":{"line":103,"column":76}},"26":{"start":{"line":104,"column":47},"end":{"line":104,"column":73}},"27":{"start":{"line":114,"column":45},"end":{"line":114,"column":75}},"28":{"start":{"line":115,"column":43},"end":{"line":115,"column":69}},"29":{"start":{"line":125,"column":45},"end":{"line":125,"column":69}},"30":{"start":{"line":126,"column":43},"end":{"line":126,"column":72}},"31":{"start":{"line":136,"column":45},"end":{"line":136,"column":72}},"32":{"start":{"line":137,"column":43},"end":{"line":137,"column":79}},"33":{"start":{"line":148,"column":24},"end":{"line":148,"column":58}},"34":{"start":{"line":149,"column":24},"end":{"line":149,"column":50}}},"fnMap":{"0":{"name":"SignupProfileScreen","decl":{"start":{"line":24,"column":16},"end":{"line":24,"column":35}},"loc":{"start":{"line":24,"column":90},"end":{"line":169,"column":1}},"line":24},"1":{"name":"onChange","decl":{"start":{"line":41,"column":13},"end":{"line":41,"column":21}},"loc":{"start":{"line":41,"column":58},"end":{"line":43,"column":5}},"line":41},"2":{"name":"(anonymous_2)","decl":{"start":{"line":42,"column":15},"end":{"line":42,"column":16}},"loc":{"start":{"line":42,"column":31},"end":{"line":42,"column":60}},"line":42},"3":{"name":"checkNullState","decl":{"start":{"line":45,"column":13},"end":{"line":45,"column":27}},"loc":{"start":{"line":45,"column":40},"end":{"line":58,"column":5}},"line":45},"4":{"name":"(anonymous_4)","decl":{"start":{"line":48,"column":34},"end":{"line":48,"column":35}},"loc":{"start":{"line":48,"column":48},"end":{"line":55,"column":9}},"line":48},"5":{"name":"(anonymous_5)","decl":{"start":{"line":57,"column":32},"end":{"line":57,"column":33}},"loc":{"start":{"line":57,"column":41},"end":{"line":57,"column":47}},"line":57},"6":{"name":"onContinuePress","decl":{"start":{"line":60,"column":13},"end":{"line":60,"column":28}},"loc":{"start":{"line":60,"column":32},"end":{"line":73,"column":5}},"line":60},"7":{"name":"dismissKeyboard","decl":{"start":{"line":75,"column":13},"end":{"line":75,"column":28}},"loc":{"start":{"line":75,"column":32},"end":{"line":77,"column":5}},"line":75},"8":{"name":"(anonymous_8)","decl":{"start":{"line":91,"column":36},"end":{"line":91,"column":37}},"loc":{"start":{"line":91,"column":47},"end":{"line":91,"column":75}},"line":91},"9":{"name":"(anonymous_9)","decl":{"start":{"line":92,"column":39},"end":{"line":92,"column":40}},"loc":{"start":{"line":92,"column":45},"end":{"line":92,"column":74}},"line":92},"10":{"name":"(anonymous_10)","decl":{"start":{"line":103,"column":38},"end":{"line":103,"column":39}},"loc":{"start":{"line":103,"column":49},"end":{"line":103,"column":76}},"line":103},"11":{"name":"(anonymous_11)","decl":{"start":{"line":104,"column":41},"end":{"line":104,"column":42}},"loc":{"start":{"line":104,"column":47},"end":{"line":104,"column":73}},"line":104},"12":{"name":"(anonymous_12)","decl":{"start":{"line":114,"column":34},"end":{"line":114,"column":35}},"loc":{"start":{"line":114,"column":45},"end":{"line":114,"column":75}},"line":114},"13":{"name":"(anonymous_13)","decl":{"start":{"line":115,"column":37},"end":{"line":115,"column":38}},"loc":{"start":{"line":115,"column":43},"end":{"line":115,"column":69}},"line":115},"14":{"name":"(anonymous_14)","decl":{"start":{"line":125,"column":34},"end":{"line":125,"column":35}},"loc":{"start":{"line":125,"column":45},"end":{"line":125,"column":69}},"line":125},"15":{"name":"(anonymous_15)","decl":{"start":{"line":126,"column":37},"end":{"line":126,"column":38}},"loc":{"start":{"line":126,"column":43},"end":{"line":126,"column":72}},"line":126},"16":{"name":"(anonymous_16)","decl":{"start":{"line":136,"column":34},"end":{"line":136,"column":35}},"loc":{"start":{"line":136,"column":45},"end":{"line":136,"column":72}},"line":136},"17":{"name":"(anonymous_17)","decl":{"start":{"line":137,"column":37},"end":{"line":137,"column":38}},"loc":{"start":{"line":137,"column":43},"end":{"line":137,"column":79}},"line":137},"18":{"name":"(anonymous_18)","decl":{"start":{"line":147,"column":34},"end":{"line":147,"column":35}},"loc":{"start":{"line":147,"column":45},"end":{"line":150,"column":21}},"line":147}},"branchMap":{"0":{"loc":{"start":{"line":50,"column":12},"end":{"line":54,"column":13}},"type":"if","locations":[{"start":{"line":50,"column":12},"end":{"line":54,"column":13}},{"start":{"line":52,"column":19},"end":{"line":54,"column":13}}],"line":50},"1":{"loc":{"start":{"line":50,"column":16},"end":{"line":50,"column":61}},"type":"binary-expr","locations":[{"start":{"line":50,"column":16},"end":{"line":50,"column":32}},{"start":{"line":50,"column":36},"end":{"line":50,"column":61}}],"line":50},"2":{"loc":{"start":{"line":57,"column":15},"end":{"line":57,"column":68}},"type":"binary-expr","locations":[{"start":{"line":57,"column":15},"end":{"line":57,"column":48}},{"start":{"line":57,"column":52},"end":{"line":57,"column":68}}],"line":57},"3":{"loc":{"start":{"line":61,"column":8},"end":{"line":64,"column":9}},"type":"if","locations":[{"start":{"line":61,"column":8},"end":{"line":64,"column":9}},{"start":{},"end":{}}],"line":61},"4":{"loc":{"start":{"line":153,"column":18},"end":{"line":153,"column":127}},"type":"binary-expr","locations":[{"start":{"line":153,"column":18},"end":{"line":153,"column":34}},{"start":{"line":153,"column":39},"end":{"line":153,"column":126}}],"line":153}},"s":{"0":1,"1":1,"2":1,"3":1,"4":1,"5":1,"6":1,"7":0,"8":0,"9":1,"10":1,"11":6,"12":0,"13":6,"14":1,"15":1,"16":0,"17":0,"18":0,"19":0,"20":0,"21":0,"22":1,"23":0,"24":0,"25":0,"26":0,"27":0,"28":0,"29":0,"30":0,"31":0,"32":0,"33":0,"34":0},"f":{"0":1,"1":0,"2":0,"3":1,"4":6,"5":1,"6":0,"7":0,"8":0,"9":0,"10":0,"11":0,"12":0,"13":0,"14":0,"15":0,"16":0,"17":0,"18":0},"b":{"0":[0,6],"1":[6,6],"2":[1,0],"3":[0,0],"4":[1,0]},"_coverageSchema":"1a1c01bbd47fc00a2c39e90264f33305004495a9","hash":"c82d07406bc4003aca3e86c2e152c7f45b8bf1d4"}
,"/Users/surajauwal/projects/imagyne/mobile-apps/hades/mobile-app/screens/OnboardingNavigator/screens/authentication/Login.screen.tsx": {"path":"/Users/surajauwal/projects/imagyne/mobile-apps/hades/mobile-app/screens/OnboardingNavigator/screens/authentication/Login.screen.tsx","statementMap":{"0":{"start":{"line":4,"column":4},"end":{"line":8,"column":5}}},"fnMap":{"0":{"name":"LoginScreen","decl":{"start":{"line":3,"column":16},"end":{"line":3,"column":27}},"loc":{"start":{"line":3,"column":44},"end":{"line":9,"column":1}},"line":3}},"branchMap":{},"s":{"0":0},"f":{"0":0},"b":{}}
,"/Users/surajauwal/projects/imagyne/mobile-apps/hades/mobile-app/screens/OnboardingNavigator/screens/components/OnboardingCover.tsx": {"path":"/Users/surajauwal/projects/imagyne/mobile-apps/hades/mobile-app/screens/OnboardingNavigator/screens/components/OnboardingCover.tsx","statementMap":{"0":{"start":{"line":8,"column":4},"end":{"line":18,"column":5}}},"fnMap":{"0":{"name":"OnboardingCover","decl":{"start":{"line":7,"column":16},"end":{"line":7,"column":31}},"loc":{"start":{"line":7,"column":48},"end":{"line":19,"column":1}},"line":7}},"branchMap":{},"s":{"0":0},"f":{"0":0},"b":{}}
,"/Users/surajauwal/projects/imagyne/mobile-apps/hades/mobile-app/screens/OnboardingNavigator/screens/components/SignupHeader.tsx": {"path":"/Users/surajauwal/projects/imagyne/mobile-apps/hades/mobile-app/screens/OnboardingNavigator/screens/components/SignupHeader.tsx","statementMap":{"0":{"start":{"line":8,"column":37},"end":{"line":8,"column":42}},"1":{"start":{"line":9,"column":23},"end":{"line":9,"column":38}},"2":{"start":{"line":10,"column":30},"end":{"line":10,"column":49}},"3":{"start":{"line":11,"column":4},"end":{"line":30,"column":5}}},"fnMap":{"0":{"name":"SignupHeader","decl":{"start":{"line":7,"column":16},"end":{"line":7,"column":28}},"loc":{"start":{"line":7,"column":92},"end":{"line":31,"column":1}},"line":7}},"branchMap":{"0":{"loc":{"start":{"line":8,"column":11},"end":{"line":8,"column":33}},"type":"default-arg","locations":[{"start":{"line":8,"column":28},"end":{"line":8,"column":33}}],"line":8},"1":{"loc":{"start":{"line":14,"column":13},"end":{"line":15,"column":13}},"type":"binary-expr","locations":[{"start":{"line":14,"column":13},"end":{"line":14,"column":28}},{"start":{"line":14,"column":33},"end":{"line":14,"column":172}}],"line":14},"2":{"loc":{"start":{"line":16,"column":13},"end":{"line":28,"column":13}},"type":"binary-expr","locations":[{"start":{"line":16,"column":13},"end":{"line":16,"column":27}},{"start":{"line":17,"column":16},"end":{"line":27,"column":23}}],"line":16}},"s":{"0":0,"1":0,"2":0,"3":0},"f":{"0":0},"b":{"0":[0],"1":[0,0],"2":[0,0]}}
,"/Users/surajauwal/projects/imagyne/mobile-apps/hades/mobile-app/screens/OnboardingNavigator/screens/components/WelcomeBottomSheet.tsx": {"path":"/Users/surajauwal/projects/imagyne/mobile-apps/hades/mobile-app/screens/OnboardingNavigator/screens/components/WelcomeBottomSheet.tsx","statementMap":{"0":{"start":{"line":27,"column":24},"end":{"line":27,"column":45}},"1":{"start":{"line":28,"column":23},"end":{"line":28,"column":38}},"2":{"start":{"line":30,"column":18},"end":{"line":30,"column":72}},"3":{"start":{"line":32,"column":26},"end":{"line":39,"column":5}},"4":{"start":{"line":33,"column":8},"end":{"line":37,"column":9}},"5":{"start":{"line":34,"column":12},"end":{"line":34,"column":27}},"6":{"start":{"line":35,"column":15},"end":{"line":37,"column":9}},"7":{"start":{"line":36,"column":12},"end":{"line":36,"column":27}},"8":{"start":{"line":38,"column":8},"end":{"line":38,"column":18}},"9":{"start":{"line":41,"column":23},"end":{"line":45,"column":10}},"10":{"start":{"line":42,"column":8},"end":{"line":44,"column":9}},"11":{"start":{"line":43,"column":12},"end":{"line":43,"column":43}},"12":{"start":{"line":47,"column":4},"end":{"line":51,"column":11}},"13":{"start":{"line":48,"column":8},"end":{"line":50,"column":10}},"14":{"start":{"line":49,"column":12},"end":{"line":49,"column":25}},"15":{"start":{"line":55,"column":8},"end":{"line":55,"column":20}},"16":{"start":{"line":57,"column":4},"end":{"line":95,"column":6}},"17":{"start":{"line":60,"column":16},"end":{"line":62,"column":17}},"18":{"start":{"line":61,"column":20},"end":{"line":61,"column":31}},"19":{"start":{"line":68,"column":16},"end":{"line":71,"column":18}},"20":{"start":{"line":74,"column":14},"end":{"line":77,"column":16}}},"fnMap":{"0":{"name":"WelcomeButtonSheet","decl":{"start":{"line":26,"column":16},"end":{"line":26,"column":34}},"loc":{"start":{"line":26,"column":74},"end":{"line":96,"column":1}},"line":26},"1":{"name":"(anonymous_1)","decl":{"start":{"line":32,"column":26},"end":{"line":32,"column":27}},"loc":{"start":{"line":32,"column":42},"end":{"line":39,"column":5}},"line":32},"2":{"name":"(anonymous_2)","decl":{"start":{"line":41,"column":35},"end":{"line":41,"column":36}},"loc":{"start":{"line":41,"column":41},"end":{"line":45,"column":5}},"line":41},"3":{"name":"(anonymous_3)","decl":{"start":{"line":47,"column":14},"end":{"line":47,"column":15}},"loc":{"start":{"line":47,"column":20},"end":{"line":51,"column":5}},"line":47},"4":{"name":"(anonymous_4)","decl":{"start":{"line":48,"column":15},"end":{"line":48,"column":16}},"loc":{"start":{"line":48,"column":21},"end":{"line":50,"column":9}},"line":48},"5":{"name":"goToLogin","decl":{"start":{"line":53,"column":13},"end":{"line":53,"column":22}},"loc":{"start":{"line":53,"column":32},"end":{"line":56,"column":5}},"line":53},"6":{"name":"(anonymous_6)","decl":{"start":{"line":59,"column":22},"end":{"line":59,"column":23}},"loc":{"start":{"line":59,"column":33},"end":{"line":63,"column":13}},"line":59},"7":{"name":"(anonymous_7)","decl":{"start":{"line":67,"column":31},"end":{"line":67,"column":32}},"loc":{"start":{"line":68,"column":16},"end":{"line":71,"column":18}},"line":68},"8":{"name":"(anonymous_8)","decl":{"start":{"line":73,"column":33},"end":{"line":73,"column":34}},"loc":{"start":{"line":74,"column":14},"end":{"line":77,"column":16}},"line":74}},"branchMap":{"0":{"loc":{"start":{"line":30,"column":18},"end":{"line":30,"column":72}},"type":"binary-expr","locations":[{"start":{"line":30,"column":18},"end":{"line":30,"column":45}},{"start":{"line":30,"column":49},"end":{"line":30,"column":72}}],"line":30},"1":{"loc":{"start":{"line":33,"column":8},"end":{"line":37,"column":9}},"type":"if","locations":[{"start":{"line":33,"column":8},"end":{"line":37,"column":9}},{"start":{"line":35,"column":15},"end":{"line":37,"column":9}}],"line":33},"2":{"loc":{"start":{"line":35,"column":15},"end":{"line":37,"column":9}},"type":"if","locations":[{"start":{"line":35,"column":15},"end":{"line":37,"column":9}},{"start":{},"end":{}}],"line":35},"3":{"loc":{"start":{"line":42,"column":8},"end":{"line":44,"column":9}},"type":"if","locations":[{"start":{"line":42,"column":8},"end":{"line":44,"column":9}},{"start":{},"end":{}}],"line":42},"4":{"loc":{"start":{"line":60,"column":16},"end":{"line":62,"column":17}},"type":"if","locations":[{"start":{"line":60,"column":16},"end":{"line":62,"column":17}},{"start":{},"end":{}}],"line":60}},"s":{"0":0,"1":0,"2":0,"3":0,"4":0,"5":0,"6":0,"7":0,"8":0,"9":0,"10":0,"11":0,"12":0,"13":0,"14":0,"15":0,"16":0,"17":0,"18":0,"19":0,"20":0},"f":{"0":0,"1":0,"2":0,"3":0,"4":0,"5":0,"6":0,"7":0,"8":0},"b":{"0":[0,0],"1":[0,0],"2":[0,0],"3":[0,0],"4":[0,0]}}
,"/Users/surajauwal/projects/imagyne/mobile-apps/hades/utils/cookieParser.ts": {"path":"/Users/surajauwal/projects/imagyne/mobile-apps/hades/utils/cookieParser.ts","statementMap":{"0":{"start":{"line":2,"column":4},"end":{"line":2,"column":52}}},"fnMap":{"0":{"name":"cookieParser","decl":{"start":{"line":1,"column":16},"end":{"line":1,"column":28}},"loc":{"start":{"line":1,"column":60},"end":{"line":3,"column":1}},"line":1}},"branchMap":{},"s":{"0":0},"f":{"0":0},"b":{}}
,"/Users/surajauwal/projects/imagyne/mobile-apps/hades/utils/phoneNumberFomartter.ts": {"path":"/Users/surajauwal/projects/imagyne/mobile-apps/hades/utils/phoneNumberFomartter.ts","statementMap":{"0":{"start":{"line":4,"column":27},"end":{"line":4,"column":32}},"1":{"start":{"line":5,"column":16},"end":{"line":5,"column":38}},"2":{"start":{"line":8,"column":4},"end":{"line":10,"column":1}},"3":{"start":{"line":9,"column":0},"end":{"line":9,"column":14}},"4":{"start":{"line":13,"column":4},"end":{"line":15,"column":1}},"5":{"start":{"line":14,"column":0},"end":{"line":14,"column":14}},"6":{"start":{"line":18,"column":4},"end":{"line":18,"column":18}},"7":{"start":{"line":23,"column":16},"end":{"line":23,"column":56}},"8":{"start":{"line":24,"column":4},"end":{"line":24,"column":23}},"9":{"start":{"line":27,"column":0},"end":{"line":27,"column":39}},"10":{"start":{"line":28,"column":0},"end":{"line":28,"column":35}}},"fnMap":{"0":{"name":"PhoneNumberFormater","decl":{"start":{"line":1,"column":16},"end":{"line":1,"column":35}},"loc":{"start":{"line":1,"column":45},"end":{"line":1,"column":47}},"line":1},"1":{"name":"validate","decl":{"start":{"line":3,"column":9},"end":{"line":3,"column":17}},"loc":{"start":{"line":3,"column":50},"end":{"line":19,"column":1}},"line":3},"2":{"name":"format","decl":{"start":{"line":22,"column":9},"end":{"line":22,"column":15}},"loc":{"start":{"line":22,"column":47},"end":{"line":25,"column":1}},"line":22}},"branchMap":{"0":{"loc":{"start":{"line":8,"column":4},"end":{"line":10,"column":1}},"type":"if","locations":[{"start":{"line":8,"column":4},"end":{"line":10,"column":1}},{"start":{},"end":{}}],"line":8},"1":{"loc":{"start":{"line":13,"column":4},"end":{"line":15,"column":1}},"type":"if","locations":[{"start":{"line":13,"column":4},"end":{"line":15,"column":1}},{"start":{},"end":{}}],"line":13}},"s":{"0":0,"1":0,"2":0,"3":0,"4":0,"5":0,"6":0,"7":0,"8":0,"9":0,"10":0},"f":{"0":0,"1":0,"2":0},"b":{"0":[0,0],"1":[0,0]}}
}
