TN:
SF:index.js
FNF:0
FNH:0
DA:6,0
LF:1
LH:0
BRF:0
BRH:0
end_of_record
TN:
SF:mobile-app/App.tsx
FN:12,App
FNF:1
FNH:0
FNDA:0,App
DA:13,0
DA:14,0
DA:18,0
DA:19,0
DA:20,0
DA:23,0
LF:6
LH:0
BRDA:18,0,0,0
BRDA:18,0,1,0
BRF:2
BRH:0
end_of_record
TN:
SF:mobile-app/index.d.ts
FNF:0
FNH:0
LF:0
LH:0
BRF:0
BRH:0
end_of_record
TN:
SF:mobile-app/tailwind.ts
FN:52,tailwind
FNF:1
FNH:1
FNDA:37,tailwind
DA:7,6
DA:36,6
DA:53,37
DA:56,6
LF:4
LH:4
BRF:0
BRH:0
end_of_record
TN:
SF:mobile-app/api/ApiResponse.ts
FNF:0
FNH:0
LF:0
LH:0
BRF:0
BRH:0
end_of_record
TN:
SF:mobile-app/api/_request.ts
FN:4,getUrl
FN:32,base
FN:35,(anonymous_2)
FN:46,(anonymous_3)
FN:52,(anonymous_4)
FN:62,request
FN:64,(anonymous_6)
FN:65,(anonymous_7)
FN:69,requestData
FN:71,(anonymous_9)
FN:72,(anonymous_10)
FNF:11
FNH:0
FNDA:0,getUrl
FNDA:0,base
FNDA:0,(anonymous_2)
FNDA:0,(anonymous_3)
FNDA:0,(anonymous_4)
FNDA:0,request
FNDA:0,(anonymous_6)
FNDA:0,(anonymous_7)
FNDA:0,requestData
FNDA:0,(anonymous_9)
FNDA:0,(anonymous_10)
DA:5,0
DA:9,0
DA:10,0
DA:12,0
DA:15,0
DA:18,0
DA:33,0
DA:34,0
DA:35,0
DA:36,0
DA:38,0
DA:47,0
DA:53,0
DA:54,0
DA:57,0
DA:63,0
DA:64,0
DA:65,0
DA:70,0
DA:71,0
DA:72,0
DA:74,0
LF:22
LH:0
BRDA:4,0,0,0
BRDA:9,1,0,0
BRDA:9,1,1,0
BRDA:49,2,0,0
BRDA:49,2,1,0
BRDA:53,3,0,0
BRDA:53,3,1,0
BRF:7
BRH:0
end_of_record
TN:
SF:mobile-app/api/logging.util.ts
FN:5,(anonymous_0)
FN:10,(anonymous_1)
FN:15,(anonymous_2)
FNF:3
FNH:0
FNDA:0,(anonymous_0)
FNDA:0,(anonymous_1)
FNDA:0,(anonymous_2)
DA:4,1
DA:7,0
DA:12,0
DA:17,0
LF:4
LH:1
BRF:0
BRH:0
end_of_record
TN:
SF:mobile-app/api/network.mapper.ts
FNF:0
FNH:0
DA:5,0
DA:11,0
DA:18,0
LF:3
LH:0
BRDA:7,0,0,0
BRDA:7,0,1,0
BRF:2
BRH:0
end_of_record
TN:
SF:mobile-app/api/persistence.ts
FN:7,get
FN:17,set
FN:21,clear
FNF:3
FNH:0
FNDA:0,get
FNDA:0,set
FNDA:0,clear
DA:8,0
DA:10,0
DA:11,0
DA:14,0
DA:18,0
DA:22,0
DA:25,0
LF:7
LH:0
BRDA:10,0,0,0
BRDA:10,0,1,0
BRDA:10,1,0,0
BRDA:10,1,1,0
BRF:4
BRH:0
end_of_record
TN:
SF:mobile-app/components/commons/IconComponent.tsx
FN:23,IconComponent
FNF:1
FNH:1
FNDA:2,IconComponent
DA:28,2
DA:29,2
DA:31,0
DA:33,0
DA:36,2
DA:38,0
LF:6
LH:3
BRDA:29,0,0,0
BRDA:29,0,1,0
BRDA:29,0,2,2
BRDA:29,0,3,0
BRF:4
BRH:1
end_of_record
TN:
SF:mobile-app/components/commons/LoaderComponent.tsx
FN:7,LoaderComponent
FNF:1
FNH:1
FNDA:1,LoaderComponent
DA:8,1
DA:9,1
LF:2
LH:2
BRF:0
BRH:0
end_of_record
TN:
SF:mobile-app/components/commons/buttons/GenericButton.tsx
FN:17,GenericButton
FNF:1
FNH:1
FNDA:2,GenericButton
DA:24,2
DA:25,2
DA:26,2
LF:3
LH:3
BRF:0
BRH:0
end_of_record
TN:
SF:mobile-app/components/commons/buttons/IconButton.tsx
FN:17,IconButton
FNF:1
FNH:1
FNDA:1,IconButton
DA:18,1
DA:19,1
LF:2
LH:2
BRDA:18,0,0,1
BRDA:26,1,0,1
BRDA:26,1,1,1
BRDA:26,1,2,1
BRDA:35,2,0,1
BRDA:35,2,1,0
BRF:6
BRH:5
end_of_record
TN:
SF:mobile-app/components/commons/inputs/TextInput.tsx
FN:16,TextArea
FNF:1
FNH:0
FNDA:0,TextArea
DA:23,0
DA:24,0
LF:2
LH:0
BRDA:20,0,0,0
BRF:1
BRH:0
end_of_record
TN:
SF:mobile-app/components/commons/inputs/TextInputWithLabel.tsx
FN:13,(anonymous_0)
FNF:1
FNH:1
FNDA:7,(anonymous_0)
DA:12,2
DA:21,7
DA:22,7
LF:3
LH:3
BRF:0
BRH:0
end_of_record
TN:
SF:mobile-app/components/views/ScrolledView.tsx
FN:12,(anonymous_0)
FNF:1
FNH:1
FNDA:1,(anonymous_0)
DA:11,1
DA:13,1
DA:15,1
LF:3
LH:3
BRF:0
BRH:0
end_of_record
TN:
SF:mobile-app/contexts/AuthPersistenceProvider.tsx
FN:22,useAuthPersistence
FN:33,AuthPersistenceProvider
FN:40,(anonymous_2)
FN:43,(anonymous_3)
FN:52,(anonymous_4)
FN:61,(anonymous_5)
FN:66,(anonymous_6)
FNF:7
FNH:0
FNDA:0,useAuthPersistence
FNDA:0,AuthPersistenceProvider
FNDA:0,(anonymous_2)
FNDA:0,(anonymous_3)
FNDA:0,(anonymous_4)
FNDA:0,(anonymous_5)
FNDA:0,(anonymous_6)
DA:17,0
DA:23,0
DA:36,0
DA:37,0
DA:38,0
DA:40,0
DA:41,0
DA:44,0
DA:45,0
DA:46,0
DA:48,0
DA:53,0
DA:54,0
DA:58,0
DA:62,0
DA:63,0
DA:64,0
DA:67,0
DA:68,0
DA:72,0
LF:20
LH:0
BRDA:44,0,0,0
BRDA:44,0,1,0
BRF:2
BRH:0
end_of_record
TN:
SF:mobile-app/contexts/NativeLoggingProvider.tsx
FN:17,useLogger
FN:21,NativeLoggingProvider
FNF:2
FNH:0
FNDA:0,useLogger
FNDA:0,NativeLoggingProvider
DA:9,0
DA:18,0
DA:24,0
DA:26,0
LF:4
LH:0
BRF:0
BRH:0
end_of_record
TN:
SF:mobile-app/hooks/useCachedResource.tsx
FN:19,useCachedResource
FN:22,(anonymous_1)
FN:23,(anonymous_2)
FN:31,LoadCachedResourceAsync
FNF:4
FNH:0
FNDA:0,useCachedResource
FNDA:0,(anonymous_1)
FNDA:0,(anonymous_2)
FNDA:0,LoadCachedResourceAsync
DA:20,0
DA:22,0
DA:23,0
DA:24,0
DA:28,0
DA:32,0
DA:33,0
DA:44,0
LF:8
LH:0
BRF:0
BRH:0
end_of_record
TN:
SF:mobile-app/screens/Main.tsx
FN:5,MainScreen
FNF:1
FNH:0
FNDA:0,MainScreen
DA:7,0
LF:1
LH:0
BRF:0
BRH:0
end_of_record
TN:
SF:mobile-app/screens/RootNavigator.tsx
FN:4,RootNavigator
FNF:1
FNH:0
FNDA:0,RootNavigator
DA:5,0
DA:6,0
DA:7,0
DA:9,0
LF:4
LH:0
BRDA:6,0,0,0
BRDA:6,0,1,0
BRF:2
BRH:0
end_of_record
TN:
SF:mobile-app/screens/AppNavigator/AppNav.tsx
FNF:0
FNH:0
LF:0
LH:0
BRF:0
BRH:0
end_of_record
TN:
SF:mobile-app/screens/ErrorBoundary/ErrorBoundary.tsx
FN:14,ErrorBoundaryComponent
FN:27,(anonymous_1)
FN:32,(anonymous_2)
FN:36,(anonymous_3)
FN:42,(anonymous_4)
FNF:5
FNH:2
FNDA:0,ErrorBoundaryComponent
FNDA:1,(anonymous_1)
FNDA:0,(anonymous_2)
FNDA:0,(anonymous_3)
FNDA:1,(anonymous_4)
DA:15,0
DA:28,1
DA:29,1
DA:33,0
DA:38,0
DA:39,0
DA:43,1
LF:7
LH:3
BRDA:43,0,0,0
BRDA:43,0,1,1
BRF:2
BRH:1
end_of_record
TN:
SF:mobile-app/screens/OnboardingNavigator/OnboardingNav.tsx
FN:46,OnboardingNagivator
FN:48,OnboardingStacks
FN:76,(anonymous_2)
FN:85,(anonymous_3)
FNF:4
FNH:0
FNDA:0,OnboardingNagivator
FNDA:0,OnboardingStacks
FNDA:0,(anonymous_2)
FNDA:0,(anonymous_3)
DA:30,0
DA:32,0
DA:47,0
DA:49,0
DA:76,0
DA:85,0
DA:93,0
LF:7
LH:0
BRF:0
BRH:0
end_of_record
TN:
SF:mobile-app/screens/OnboardingNavigator/ScreenName.enum.ts
FNF:0
FNH:0
LF:0
LH:0
BRF:0
BRH:0
end_of_record
TN:
SF:mobile-app/screens/OnboardingNavigator/screens/Onboarding.screen.tsx
FN:13,OnboardingScreen
FN:19,(anonymous_1)
FN:41,(anonymous_2)
FNF:3
FNH:0
FNDA:0,OnboardingScreen
FNDA:0,(anonymous_1)
FNDA:0,(anonymous_2)
DA:14,0
DA:15,0
DA:19,0
DA:20,0
DA:22,0
DA:41,0
LF:6
LH:0
BRF:0
BRH:0
end_of_record
TN:
SF:mobile-app/screens/OnboardingNavigator/screens/Signup/SignupBusiness.screen.tsx
FN:31,SignupBusinessScreen
FN:52,openModal
FN:56,onChange
FN:57,(anonymous_3)
FN:60,checkNullState
FN:63,(anonymous_5)
FN:72,(anonymous_6)
FN:75,onContinuePress
FN:102,dismissKeyboard
FN:109,(anonymous_9)
FN:111,(anonymous_10)
FN:128,(anonymous_11)
FN:129,(anonymous_12)
FN:139,(anonymous_13)
FN:140,(anonymous_14)
FN:150,(anonymous_15)
FN:151,(anonymous_16)
FN:161,(anonymous_17)
FN:198,ErrorMessage
FNF:19
FNH:0
FNDA:0,SignupBusinessScreen
FNDA:0,openModal
FNDA:0,onChange
FNDA:0,(anonymous_3)
FNDA:0,checkNullState
FNDA:0,(anonymous_5)
FNDA:0,(anonymous_6)
FNDA:0,onContinuePress
FNDA:0,dismissKeyboard
FNDA:0,(anonymous_9)
FNDA:0,(anonymous_10)
FNDA:0,(anonymous_11)
FNDA:0,(anonymous_12)
FNDA:0,(anonymous_13)
FNDA:0,(anonymous_14)
FNDA:0,(anonymous_15)
FNDA:0,(anonymous_16)
FNDA:0,(anonymous_17)
FNDA:0,ErrorMessage
DA:33,0
DA:34,0
DA:35,0
DA:36,0
DA:37,0
DA:40,0
DA:41,0
DA:42,0
DA:45,0
DA:53,0
DA:57,0
DA:61,0
DA:63,0
DA:65,0
DA:66,0
DA:68,0
DA:72,0
DA:76,0
DA:77,0
DA:78,0
DA:79,0
DA:80,0
DA:88,0
DA:90,0
DA:91,0
DA:92,0
DA:94,0
DA:97,0
DA:103,0
DA:106,0
DA:110,0
DA:111,0
DA:112,0
DA:116,0
DA:117,0
DA:128,0
DA:129,0
DA:139,0
DA:140,0
DA:150,0
DA:151,0
DA:162,0
DA:199,0
LF:43
LH:0
BRDA:65,0,0,0
BRDA:65,0,1,0
BRDA:65,1,0,0
BRDA:65,1,1,0
BRDA:91,2,0,0
BRDA:91,2,1,0
BRDA:110,3,0,0
BRDA:110,3,1,0
BRDA:110,4,0,0
BRDA:110,4,1,0
BRDA:116,5,0,0
BRDA:116,5,1,0
BRDA:116,6,0,0
BRDA:116,6,1,0
BRDA:166,7,0,0
BRDA:166,7,1,0
BRDA:172,8,0,0
BRDA:172,8,1,0
BRF:18
BRH:0
end_of_record
TN:
SF:mobile-app/screens/OnboardingNavigator/screens/Signup/SignupProfile.screen.tsx
FN:24,SignupProfileScreen
FN:41,onChange
FN:42,(anonymous_2)
FN:45,checkNullState
FN:48,(anonymous_4)
FN:57,(anonymous_5)
FN:60,onContinuePress
FN:75,dismissKeyboard
FN:91,(anonymous_8)
FN:92,(anonymous_9)
FN:103,(anonymous_10)
FN:104,(anonymous_11)
FN:114,(anonymous_12)
FN:115,(anonymous_13)
FN:125,(anonymous_14)
FN:126,(anonymous_15)
FN:136,(anonymous_16)
FN:137,(anonymous_17)
FN:147,(anonymous_18)
FNF:19
FNH:4
FNDA:1,SignupProfileScreen
FNDA:0,onChange
FNDA:0,(anonymous_2)
FNDA:1,checkNullState
FNDA:6,(anonymous_4)
FNDA:1,(anonymous_5)
FNDA:0,onContinuePress
FNDA:0,dismissKeyboard
FNDA:0,(anonymous_8)
FNDA:0,(anonymous_9)
FNDA:0,(anonymous_10)
FNDA:0,(anonymous_11)
FNDA:0,(anonymous_12)
FNDA:0,(anonymous_13)
FNDA:0,(anonymous_14)
FNDA:0,(anonymous_15)
FNDA:0,(anonymous_16)
FNDA:0,(anonymous_17)
FNDA:0,(anonymous_18)
DA:25,1
DA:26,1
DA:27,1
DA:28,1
DA:29,1
DA:30,1
DA:31,1
DA:42,0
DA:46,1
DA:48,1
DA:50,6
DA:51,0
DA:53,6
DA:57,1
DA:61,0
DA:62,0
DA:63,0
DA:65,0
DA:66,0
DA:76,0
DA:80,1
DA:91,0
DA:92,0
DA:103,0
DA:104,0
DA:114,0
DA:115,0
DA:125,0
DA:126,0
DA:136,0
DA:137,0
DA:148,0
DA:149,0
LF:33
LH:13
BRDA:50,0,0,0
BRDA:50,0,1,6
BRDA:50,1,0,6
BRDA:50,1,1,6
BRDA:57,2,0,1
BRDA:57,2,1,0
BRDA:61,3,0,0
BRDA:61,3,1,0
BRDA:153,4,0,1
BRDA:153,4,1,0
BRF:10
BRH:5
end_of_record
TN:
SF:mobile-app/screens/OnboardingNavigator/screens/authentication/Login.screen.tsx
FN:3,LoginScreen
FNF:1
FNH:0
FNDA:0,LoginScreen
DA:4,0
LF:1
LH:0
BRF:0
BRH:0
end_of_record
TN:
SF:mobile-app/screens/OnboardingNavigator/screens/components/OnboardingCover.tsx
FN:7,OnboardingCover
FNF:1
FNH:0
FNDA:0,OnboardingCover
DA:8,0
LF:1
LH:0
BRF:0
BRH:0
end_of_record
TN:
SF:mobile-app/screens/OnboardingNavigator/screens/components/SignupHeader.tsx
FN:7,SignupHeader
FNF:1
FNH:0
FNDA:0,SignupHeader
DA:8,0
DA:9,0
DA:10,0
DA:11,0
LF:4
LH:0
BRDA:8,0,0,0
BRDA:14,1,0,0
BRDA:14,1,1,0
BRDA:16,2,0,0
BRDA:16,2,1,0
BRF:5
BRH:0
end_of_record
TN:
SF:mobile-app/screens/OnboardingNavigator/screens/components/WelcomeBottomSheet.tsx
FN:26,WelcomeButtonSheet
FN:32,(anonymous_1)
FN:41,(anonymous_2)
FN:47,(anonymous_3)
FN:48,(anonymous_4)
FN:53,goToLogin
FN:59,(anonymous_6)
FN:67,(anonymous_7)
FN:73,(anonymous_8)
FNF:9
FNH:0
FNDA:0,WelcomeButtonSheet
FNDA:0,(anonymous_1)
FNDA:0,(anonymous_2)
FNDA:0,(anonymous_3)
FNDA:0,(anonymous_4)
FNDA:0,goToLogin
FNDA:0,(anonymous_6)
FNDA:0,(anonymous_7)
FNDA:0,(anonymous_8)
DA:27,0
DA:28,0
DA:30,0
DA:32,0
DA:33,0
DA:34,0
DA:35,0
DA:36,0
DA:38,0
DA:41,0
DA:42,0
DA:43,0
DA:47,0
DA:48,0
DA:49,0
DA:55,0
DA:57,0
DA:60,0
DA:61,0
DA:68,0
DA:74,0
LF:21
LH:0
BRDA:30,0,0,0
BRDA:30,0,1,0
BRDA:33,1,0,0
BRDA:33,1,1,0
BRDA:35,2,0,0
BRDA:35,2,1,0
BRDA:42,3,0,0
BRDA:42,3,1,0
BRDA:60,4,0,0
BRDA:60,4,1,0
BRF:10
BRH:0
end_of_record
TN:
SF:utils/cookieParser.ts
FN:1,cookieParser
FNF:1
FNH:0
FNDA:0,cookieParser
DA:2,0
LF:1
LH:0
BRF:0
BRH:0
end_of_record
TN:
SF:utils/phoneNumberFomartter.ts
FN:1,PhoneNumberFormater
FN:3,validate
FN:22,format
FNF:3
FNH:0
FNDA:0,PhoneNumberFormater
FNDA:0,validate
FNDA:0,format
DA:4,0
DA:5,0
DA:8,0
DA:9,0
DA:13,0
DA:14,0
DA:18,0
DA:23,0
DA:24,0
DA:27,0
DA:28,0
LF:11
LH:0
BRDA:8,0,0,0
BRDA:8,0,1,0
BRDA:13,1,0,0
BRDA:13,1,1,0
BRF:4
BRH:0
end_of_record
