TN:
SF:index.js
FNF:0
FNH:0
DA:6,0
LF:1
LH:0
BRF:0
BRH:0
end_of_record
TN:
SF:mobile-app/App.tsx
FN:12,App
FNF:1
FNH:0
FNDA:0,App
DA:13,0
DA:14,0
DA:18,0
DA:19,0
DA:20,0
DA:23,0
LF:6
LH:0
BRDA:18,0,0,0
BRDA:18,0,1,0
BRF:2
BRH:0
end_of_record
TN:
SF:mobile-app/index.d.ts
FNF:0
FNH:0
LF:0
LH:0
BRF:0
BRH:0
end_of_record
TN:
SF:mobile-app/tailwind.ts
FN:52,tailwind
FNF:1
FNH:1
FNDA:49,tailwind
DA:7,9
DA:36,9
DA:53,49
DA:56,9
LF:4
LH:4
BRF:0
BRH:0
end_of_record
TN:
SF:mobile-app/api/ApiResponse.ts
FNF:0
FNH:0
LF:0
LH:0
BRF:0
BRH:0
end_of_record
TN:
SF:mobile-app/api/_request.ts
FN:4,getUrl
FN:32,base
FN:35,(anonymous_2)
FN:46,(anonymous_3)
FN:52,(anonymous_4)
FN:62,request
FN:64,(anonymous_6)
FN:65,(anonymous_7)
FN:69,requestData
FN:71,(anonymous_9)
FN:72,(anonymous_10)
FNF:11
FNH:0
FNDA:0,getUrl
FNDA:0,base
FNDA:0,(anonymous_2)
FNDA:0,(anonymous_3)
FNDA:0,(anonymous_4)
FNDA:0,request
FNDA:0,(anonymous_6)
FNDA:0,(anonymous_7)
FNDA:0,requestData
FNDA:0,(anonymous_9)
FNDA:0,(anonymous_10)
DA:5,0
DA:9,0
DA:10,0
DA:12,0
DA:15,0
DA:18,0
DA:33,0
DA:34,0
DA:35,0
DA:36,0
DA:38,0
DA:47,0
DA:53,0
DA:54,0
DA:57,0
DA:63,0
DA:64,0
DA:65,0
DA:70,0
DA:71,0
DA:72,0
DA:74,0
LF:22
LH:0
BRDA:4,0,0,0
BRDA:9,1,0,0
BRDA:9,1,1,0
BRDA:49,2,0,0
BRDA:49,2,1,0
BRDA:53,3,0,0
BRDA:53,3,1,0
BRF:7
BRH:0
end_of_record
TN:
SF:mobile-app/api/logging.util.ts
FN:5,(anonymous_0)
FN:10,(anonymous_1)
FN:15,(anonymous_2)
FNF:3
FNH:0
FNDA:0,(anonymous_0)
FNDA:0,(anonymous_1)
FNDA:0,(anonymous_2)
DA:4,1
DA:7,0
DA:12,0
DA:17,0
LF:4
LH:1
BRF:0
BRH:0
end_of_record
TN:
SF:mobile-app/api/network.mapper.ts
FNF:0
FNH:0
DA:5,0
DA:11,0
DA:18,0
LF:3
LH:0
BRDA:7,0,0,0
BRDA:7,0,1,0
BRF:2
BRH:0
end_of_record
TN:
SF:mobile-app/api/persistence.ts
FN:7,get
FN:17,set
FN:21,clear
FNF:3
FNH:0
FNDA:0,get
FNDA:0,set
FNDA:0,clear
DA:8,0
DA:10,0
DA:11,0
DA:14,0
DA:18,0
DA:22,0
DA:25,0
LF:7
LH:0
BRDA:10,0,0,0
BRDA:10,0,1,0
BRDA:10,1,0,0
BRDA:10,1,1,0
BRF:4
BRH:0
end_of_record
TN:
SF:mobile-app/components/commons/IconComponent.tsx
FN:23,IconComponent
FNF:1
FNH:1
FNDA:2,IconComponent
DA:28,2
DA:29,2
DA:31,0
DA:33,0
DA:36,2
DA:38,0
LF:6
LH:3
BRDA:29,0,0,0
BRDA:29,0,1,0
BRDA:29,0,2,2
BRDA:29,0,3,0
BRF:4
BRH:1
end_of_record
TN:
SF:mobile-app/components/commons/LoaderComponent.tsx
FN:7,LoaderComponent
FNF:1
FNH:1
FNDA:1,LoaderComponent
DA:8,1
DA:9,1
LF:2
LH:2
BRF:0
BRH:0
end_of_record
TN:
SF:mobile-app/components/commons/buttons/GenericButton.tsx
FN:17,GenericButton
FNF:1
FNH:1
FNDA:2,GenericButton
DA:24,2
DA:25,2
DA:26,2
LF:3
LH:3
BRF:0
BRH:0
end_of_record
TN:
SF:mobile-app/components/commons/buttons/IconButton.tsx
FN:17,IconButton
FNF:1
FNH:1
FNDA:1,IconButton
DA:18,1
DA:19,1
LF:2
LH:2
BRDA:18,0,0,1
BRDA:26,1,0,1
BRDA:26,1,1,1
BRDA:26,1,2,1
BRDA:35,2,0,1
BRDA:35,2,1,0
BRF:6
BRH:5
end_of_record
TN:
SF:mobile-app/components/commons/inputs/TextInput.tsx
FN:16,TextArea
FNF:1
FNH:0
FNDA:0,TextArea
DA:23,0
DA:24,0
LF:2
LH:0
BRDA:20,0,0,0
BRF:1
BRH:0
end_of_record
TN:
SF:mobile-app/components/commons/inputs/TextInputWithLabel.tsx
FN:14,(anonymous_0)
FNF:1
FNH:1
FNDA:7,(anonymous_0)
DA:13,2
DA:22,7
DA:23,7
LF:3
LH:3
BRF:0
BRH:0
end_of_record
TN:
SF:mobile-app/components/views/ScrolledView.tsx
FN:12,(anonymous_0)
FNF:1
FNH:1
FNDA:1,(anonymous_0)
DA:11,1
DA:13,1
DA:15,1
LF:3
LH:3
BRF:0
BRH:0
end_of_record
TN:
SF:mobile-app/contexts/AuthPersistenceProvider.tsx
FN:22,useAuthPersistence
FN:33,AuthPersistenceProvider
FN:40,(anonymous_2)
FN:43,(anonymous_3)
FN:52,(anonymous_4)
FN:61,(anonymous_5)
FN:66,(anonymous_6)
FNF:7
FNH:0
FNDA:0,useAuthPersistence
FNDA:0,AuthPersistenceProvider
FNDA:0,(anonymous_2)
FNDA:0,(anonymous_3)
FNDA:0,(anonymous_4)
FNDA:0,(anonymous_5)
FNDA:0,(anonymous_6)
DA:17,0
DA:23,0
DA:36,0
DA:37,0
DA:38,0
DA:40,0
DA:41,0
DA:44,0
DA:45,0
DA:46,0
DA:48,0
DA:53,0
DA:54,0
DA:58,0
DA:62,0
DA:63,0
DA:64,0
DA:67,0
DA:68,0
DA:72,0
LF:20
LH:0
BRDA:44,0,0,0
BRDA:44,0,1,0
BRF:2
BRH:0
end_of_record
TN:
SF:mobile-app/contexts/NativeLoggingProvider.tsx
FN:17,useLogger
FN:21,NativeLoggingProvider
FNF:2
FNH:0
FNDA:0,useLogger
FNDA:0,NativeLoggingProvider
DA:9,0
DA:18,0
DA:24,0
DA:26,0
LF:4
LH:0
BRF:0
BRH:0
end_of_record
TN:
SF:mobile-app/hooks/useCachedResource.tsx
FN:19,useCachedResource
FN:22,(anonymous_1)
FN:23,(anonymous_2)
FN:31,LoadCachedResourceAsync
FNF:4
FNH:0
FNDA:0,useCachedResource
FNDA:0,(anonymous_1)
FNDA:0,(anonymous_2)
FNDA:0,LoadCachedResourceAsync
DA:20,0
DA:22,0
DA:23,0
DA:24,0
DA:28,0
DA:32,0
DA:33,0
DA:44,0
LF:8
LH:0
BRF:0
BRH:0
end_of_record
TN:
SF:mobile-app/screens/Main.tsx
FN:5,MainScreen
FNF:1
FNH:0
FNDA:0,MainScreen
DA:7,0
LF:1
LH:0
BRF:0
BRH:0
end_of_record
TN:
SF:mobile-app/screens/RootNavigator.tsx
FN:5,RootNavigator
FNF:1
FNH:0
FNDA:0,RootNavigator
DA:6,0
DA:10,0
LF:2
LH:0
BRF:0
BRH:0
end_of_record
TN:
SF:mobile-app/screens/AppNavigator/AppNav.tsx
FN:13,AppNavigator
FNF:1
FNH:0
FNDA:0,AppNavigator
DA:7,0
DA:15,0
DA:24,0
LF:3
LH:0
BRF:0
BRH:0
end_of_record
TN:
SF:mobile-app/screens/AppNavigator/AppNavScreenName.tsx
FNF:0
FNH:0
LF:0
LH:0
BRF:0
BRH:0
end_of_record
TN:
SF:mobile-app/screens/AppNavigator/BottomNavigator.tsx
FN:16,(anonymous_0)
FN:27,BottomTabNavigator
FN:46,(anonymous_2)
FN:53,(anonymous_3)
FN:62,(anonymous_4)
FN:69,(anonymous_5)
FN:78,(anonymous_6)
FN:85,(anonymous_7)
FN:94,(anonymous_8)
FN:101,(anonymous_9)
FN:110,(anonymous_10)
FN:117,(anonymous_11)
FNF:12
FNH:0
FNDA:0,(anonymous_0)
FNDA:0,BottomTabNavigator
FNDA:0,(anonymous_2)
FNDA:0,(anonymous_3)
FNDA:0,(anonymous_4)
FNDA:0,(anonymous_5)
FNDA:0,(anonymous_6)
FNDA:0,(anonymous_7)
FNDA:0,(anonymous_8)
FNDA:0,(anonymous_9)
FNDA:0,(anonymous_10)
FNDA:0,(anonymous_11)
DA:7,0
DA:16,0
DA:21,0
DA:28,0
DA:47,0
DA:54,0
DA:63,0
DA:70,0
DA:79,0
DA:86,0
DA:95,0
DA:102,0
DA:111,0
DA:118,0
DA:127,0
LF:15
LH:0
BRDA:22,0,0,0
BRDA:22,0,1,0
BRF:2
BRH:0
end_of_record
TN:
SF:mobile-app/screens/AppNavigator/HomeNavigator/HomeNav.tsx
FN:7,PortfolioNavigator
FN:10,(anonymous_1)
FN:38,(anonymous_2)
FN:50,(anonymous_3)
FN:55,(anonymous_4)
FN:58,(anonymous_5)
FN:67,(anonymous_6)
FN:78,(anonymous_7)
FN:93,(anonymous_8)
FN:106,(anonymous_9)
FN:120,(anonymous_10)
FN:133,(anonymous_11)
FN:146,(anonymous_12)
FN:158,(anonymous_13)
FN:170,(anonymous_14)
FN:182,(anonymous_15)
FN:194,(anonymous_16)
FN:205,(anonymous_17)
FN:239,(anonymous_18)
FN:259,(anonymous_19)
FN:271,(anonymous_20)
FN:283,(anonymous_21)
FN:294,(anonymous_22)
FN:305,(anonymous_23)
FN:322,(anonymous_24)
FN:334,(anonymous_25)
FN:350,(anonymous_26)
FN:362,(anonymous_27)
FN:375,(anonymous_28)
FN:391,(anonymous_29)
FN:403,(anonymous_30)
FN:415,(anonymous_31)
FN:427,(anonymous_32)
FNF:33
FNH:0
FNDA:0,PortfolioNavigator
FNDA:0,(anonymous_1)
FNDA:0,(anonymous_2)
FNDA:0,(anonymous_3)
FNDA:0,(anonymous_4)
FNDA:0,(anonymous_5)
FNDA:0,(anonymous_6)
FNDA:0,(anonymous_7)
FNDA:0,(anonymous_8)
FNDA:0,(anonymous_9)
FNDA:0,(anonymous_10)
FNDA:0,(anonymous_11)
FNDA:0,(anonymous_12)
FNDA:0,(anonymous_13)
FNDA:0,(anonymous_14)
FNDA:0,(anonymous_15)
FNDA:0,(anonymous_16)
FNDA:0,(anonymous_17)
FNDA:0,(anonymous_18)
FNDA:0,(anonymous_19)
FNDA:0,(anonymous_20)
FNDA:0,(anonymous_21)
FNDA:0,(anonymous_22)
FNDA:0,(anonymous_23)
FNDA:0,(anonymous_24)
FNDA:0,(anonymous_25)
FNDA:0,(anonymous_26)
FNDA:0,(anonymous_27)
FNDA:0,(anonymous_28)
FNDA:0,(anonymous_29)
FNDA:0,(anonymous_30)
FNDA:0,(anonymous_31)
FNDA:0,(anonymous_32)
DA:5,0
DA:8,0
DA:9,0
DA:10,0
DA:11,0
DA:13,0
DA:14,0
DA:39,0
DA:50,0
DA:56,0
DA:58,0
DA:68,0
DA:79,0
DA:94,0
DA:107,0
DA:121,0
DA:134,0
DA:147,0
DA:159,0
DA:171,0
DA:183,0
DA:195,0
DA:206,0
DA:240,0
DA:260,0
DA:272,0
DA:284,0
DA:295,0
DA:306,0
DA:323,0
DA:335,0
DA:351,0
DA:363,0
DA:376,0
DA:392,0
DA:404,0
DA:416,0
DA:428,0
LF:38
LH:0
BRDA:41,0,0,0
BRDA:41,0,1,0
BRF:2
BRH:0
end_of_record
TN:
SF:mobile-app/screens/AppNavigator/Screens/Home.screen.tsx
FN:4,HomeScreen
FNF:1
FNH:0
FNDA:0,HomeScreen
DA:5,0
LF:1
LH:0
BRF:0
BRH:0
end_of_record
TN:
SF:mobile-app/screens/AppNavigator/components/HomeHeader.tsx
FNF:0
FNH:0
LF:0
LH:0
BRF:0
BRH:0
end_of_record
TN:
SF:mobile-app/screens/ErrorBoundary/ErrorBoundary.tsx
FN:14,ErrorBoundaryComponent
FN:27,(anonymous_1)
FN:32,(anonymous_2)
FN:36,(anonymous_3)
FN:42,(anonymous_4)
FNF:5
FNH:2
FNDA:0,ErrorBoundaryComponent
FNDA:1,(anonymous_1)
FNDA:0,(anonymous_2)
FNDA:0,(anonymous_3)
FNDA:1,(anonymous_4)
DA:15,0
DA:28,1
DA:29,1
DA:33,0
DA:38,0
DA:39,0
DA:43,1
LF:7
LH:3
BRDA:43,0,0,0
BRDA:43,0,1,1
BRF:2
BRH:1
end_of_record
TN:
SF:mobile-app/screens/OnboardingNavigator/OnboardingNav.tsx
FN:42,OnboardingNagivator
FN:44,OnboardingStacks
FN:72,(anonymous_2)
FN:81,(anonymous_3)
FNF:4
FNH:0
FNDA:0,OnboardingNagivator
FNDA:0,OnboardingStacks
FNDA:0,(anonymous_2)
FNDA:0,(anonymous_3)
DA:26,0
DA:28,0
DA:43,0
DA:45,0
DA:72,0
DA:81,0
DA:89,0
LF:7
LH:0
BRF:0
BRH:0
end_of_record
TN:
SF:mobile-app/screens/OnboardingNavigator/ScreenName.enum.ts
FNF:0
FNH:0
LF:0
LH:0
BRF:0
BRH:0
end_of_record
TN:
SF:mobile-app/screens/OnboardingNavigator/screens/Onboarding.screen.tsx
FN:14,OnboardingScreen
FN:20,(anonymous_1)
FN:42,(anonymous_2)
FNF:3
FNH:0
FNDA:0,OnboardingScreen
FNDA:0,(anonymous_1)
FNDA:0,(anonymous_2)
DA:15,0
DA:16,0
DA:20,0
DA:21,0
DA:23,0
DA:42,0
LF:6
LH:0
BRF:0
BRH:0
end_of_record
TN:
SF:mobile-app/screens/OnboardingNavigator/screens/Signup/SignupBusiness.screen.tsx
FN:33,SignupBusinessScreen
FN:54,openModal
FN:58,onChange
FN:59,(anonymous_3)
FN:62,checkNullState
FN:65,(anonymous_5)
FN:74,(anonymous_6)
FN:77,onContinuePress
FN:104,dismissKeyboard
FN:111,(anonymous_9)
FN:113,(anonymous_10)
FN:130,(anonymous_11)
FN:131,(anonymous_12)
FN:141,(anonymous_13)
FN:142,(anonymous_14)
FN:152,(anonymous_15)
FN:153,(anonymous_16)
FN:163,(anonymous_17)
FNF:18
FNH:0
FNDA:0,SignupBusinessScreen
FNDA:0,openModal
FNDA:0,onChange
FNDA:0,(anonymous_3)
FNDA:0,checkNullState
FNDA:0,(anonymous_5)
FNDA:0,(anonymous_6)
FNDA:0,onContinuePress
FNDA:0,dismissKeyboard
FNDA:0,(anonymous_9)
FNDA:0,(anonymous_10)
FNDA:0,(anonymous_11)
FNDA:0,(anonymous_12)
FNDA:0,(anonymous_13)
FNDA:0,(anonymous_14)
FNDA:0,(anonymous_15)
FNDA:0,(anonymous_16)
FNDA:0,(anonymous_17)
DA:35,0
DA:36,0
DA:37,0
DA:38,0
DA:39,0
DA:42,0
DA:43,0
DA:44,0
DA:47,0
DA:55,0
DA:59,0
DA:63,0
DA:65,0
DA:67,0
DA:68,0
DA:70,0
DA:74,0
DA:78,0
DA:79,0
DA:80,0
DA:81,0
DA:82,0
DA:90,0
DA:92,0
DA:93,0
DA:94,0
DA:96,0
DA:99,0
DA:105,0
DA:108,0
DA:112,0
DA:113,0
DA:114,0
DA:118,0
DA:119,0
DA:130,0
DA:131,0
DA:141,0
DA:142,0
DA:152,0
DA:153,0
DA:164,0
LF:42
LH:0
BRDA:67,0,0,0
BRDA:67,0,1,0
BRDA:67,1,0,0
BRDA:67,1,1,0
BRDA:93,2,0,0
BRDA:93,2,1,0
BRDA:112,3,0,0
BRDA:112,3,1,0
BRDA:112,4,0,0
BRDA:112,4,1,0
BRDA:118,5,0,0
BRDA:118,5,1,0
BRDA:118,6,0,0
BRDA:118,6,1,0
BRDA:168,7,0,0
BRDA:168,7,1,0
BRDA:174,8,0,0
BRDA:174,8,1,0
BRF:18
BRH:0
end_of_record
TN:
SF:mobile-app/screens/OnboardingNavigator/screens/Signup/SignupProfile.screen.tsx
FN:25,SignupProfileScreen
FN:42,onChange
FN:43,(anonymous_2)
FN:46,checkNullState
FN:49,(anonymous_4)
FN:58,(anonymous_5)
FN:61,onContinuePress
FN:76,dismissKeyboard
FN:92,(anonymous_8)
FN:93,(anonymous_9)
FN:104,(anonymous_10)
FN:105,(anonymous_11)
FN:115,(anonymous_12)
FN:116,(anonymous_13)
FN:126,(anonymous_14)
FN:127,(anonymous_15)
FN:137,(anonymous_16)
FN:138,(anonymous_17)
FN:148,(anonymous_18)
FNF:19
FNH:4
FNDA:1,SignupProfileScreen
FNDA:0,onChange
FNDA:0,(anonymous_2)
FNDA:1,checkNullState
FNDA:6,(anonymous_4)
FNDA:1,(anonymous_5)
FNDA:0,onContinuePress
FNDA:0,dismissKeyboard
FNDA:0,(anonymous_8)
FNDA:0,(anonymous_9)
FNDA:0,(anonymous_10)
FNDA:0,(anonymous_11)
FNDA:0,(anonymous_12)
FNDA:0,(anonymous_13)
FNDA:0,(anonymous_14)
FNDA:0,(anonymous_15)
FNDA:0,(anonymous_16)
FNDA:0,(anonymous_17)
FNDA:0,(anonymous_18)
DA:26,1
DA:27,1
DA:28,1
DA:29,1
DA:30,1
DA:31,1
DA:32,1
DA:43,0
DA:47,1
DA:49,1
DA:51,6
DA:52,0
DA:54,6
DA:58,1
DA:62,0
DA:63,0
DA:64,0
DA:66,0
DA:67,0
DA:77,0
DA:81,1
DA:92,0
DA:93,0
DA:104,0
DA:105,0
DA:115,0
DA:116,0
DA:126,0
DA:127,0
DA:137,0
DA:138,0
DA:149,0
DA:150,0
LF:33
LH:13
BRDA:51,0,0,0
BRDA:51,0,1,6
BRDA:51,1,0,6
BRDA:51,1,1,6
BRDA:58,2,0,1
BRDA:58,2,1,0
BRDA:62,3,0,0
BRDA:62,3,1,0
BRDA:154,4,0,1
BRDA:154,4,1,0
BRF:10
BRH:5
end_of_record
TN:
SF:mobile-app/screens/OnboardingNavigator/screens/authentication/Login.screen.tsx
FN:20,LoginScreen
FN:33,onChange
FN:34,(anonymous_2)
FN:37,checkNullState
FN:40,(anonymous_4)
FN:49,(anonymous_5)
FN:51,onContinuePress
FN:80,(anonymous_7)
FN:82,(anonymous_8)
FN:99,(anonymous_9)
FN:100,(anonymous_10)
FN:109,(anonymous_11)
FNF:12
FNH:0
FNDA:0,LoginScreen
FNDA:0,onChange
FNDA:0,(anonymous_2)
FNDA:0,checkNullState
FNDA:0,(anonymous_4)
FNDA:0,(anonymous_5)
FNDA:0,onContinuePress
FNDA:0,(anonymous_7)
FNDA:0,(anonymous_8)
FNDA:0,(anonymous_9)
FNDA:0,(anonymous_10)
FNDA:0,(anonymous_11)
DA:21,0
DA:22,0
DA:24,0
DA:25,0
DA:26,0
DA:28,0
DA:34,0
DA:38,0
DA:40,0
DA:42,0
DA:43,0
DA:45,0
DA:49,0
DA:52,0
DA:53,0
DA:54,0
DA:55,0
DA:56,0
DA:61,0
DA:63,0
DA:64,0
DA:65,0
DA:67,0
DA:70,0
DA:73,0
DA:81,0
DA:82,0
DA:83,0
DA:87,0
DA:88,0
DA:99,0
DA:100,0
DA:109,0
LF:33
LH:0
BRDA:42,0,0,0
BRDA:42,0,1,0
BRDA:42,1,0,0
BRDA:42,1,1,0
BRDA:64,2,0,0
BRDA:64,2,1,0
BRDA:81,3,0,0
BRDA:81,3,1,0
BRDA:81,4,0,0
BRDA:81,4,1,0
BRDA:81,4,2,0
BRDA:87,5,0,0
BRDA:87,5,1,0
BRDA:87,6,0,0
BRDA:87,6,1,0
BRDA:111,7,0,0
BRDA:111,7,1,0
BRDA:117,8,0,0
BRDA:117,8,1,0
BRF:19
BRH:0
end_of_record
TN:
SF:mobile-app/screens/OnboardingNavigator/screens/components/ErrorMessage.tsx
FN:4,ErrorMessage
FNF:1
FNH:1
FNDA:1,ErrorMessage
DA:5,1
LF:1
LH:1
BRF:0
BRH:0
end_of_record
TN:
SF:mobile-app/screens/OnboardingNavigator/screens/components/LoginButtonWithText.tsx
FN:7,LoginButtonWithText
FN:10,goToLogin
FNF:2
FNH:1
FNDA:2,LoginButtonWithText
FNDA:0,goToLogin
DA:8,2
DA:11,0
DA:13,2
LF:3
LH:2
BRF:0
BRH:0
end_of_record
TN:
SF:mobile-app/screens/OnboardingNavigator/screens/components/OnboardingCover.tsx
FN:6,OnboardingCover
FNF:1
FNH:0
FNDA:0,OnboardingCover
DA:7,0
LF:1
LH:0
BRF:0
BRH:0
end_of_record
TN:
SF:mobile-app/screens/OnboardingNavigator/screens/components/SignupHeader.tsx
FN:7,SignupHeader
FNF:1
FNH:0
FNDA:0,SignupHeader
DA:8,0
DA:9,0
DA:10,0
DA:11,0
LF:4
LH:0
BRDA:8,0,0,0
BRDA:14,1,0,0
BRDA:14,1,1,0
BRDA:16,2,0,0
BRDA:16,2,1,0
BRF:5
BRH:0
end_of_record
TN:
SF:mobile-app/screens/OnboardingNavigator/screens/components/WelcomeBottomSheet.tsx
FN:26,WelcomeButtonSheet
FN:32,(anonymous_1)
FN:41,(anonymous_2)
FN:47,(anonymous_3)
FN:48,(anonymous_4)
FN:53,goToLogin
FN:66,(anonymous_6)
FN:107,(anonymous_7)
FN:115,(anonymous_8)
FN:121,(anonymous_9)
FNF:10
FNH:4
FNDA:1,WelcomeButtonSheet
FNDA:0,(anonymous_1)
FNDA:1,(anonymous_2)
FNDA:1,(anonymous_3)
FNDA:1,(anonymous_4)
FNDA:0,goToLogin
FNDA:0,(anonymous_6)
FNDA:0,(anonymous_7)
FNDA:0,(anonymous_8)
FNDA:0,(anonymous_9)
DA:27,1
DA:28,1
DA:29,1
DA:30,1
DA:32,1
DA:33,0
DA:34,0
DA:35,0
DA:36,0
DA:38,0
DA:41,1
DA:42,1
DA:43,0
DA:47,1
DA:48,1
DA:49,1
DA:54,0
DA:55,0
DA:57,1
DA:58,1
DA:67,0
DA:105,0
DA:108,0
DA:109,0
DA:116,0
DA:122,0
LF:26
LH:12
BRDA:30,0,0,1
BRDA:30,0,1,1
BRDA:33,1,0,0
BRDA:33,1,1,0
BRDA:35,2,0,0
BRDA:35,2,1,0
BRDA:42,3,0,0
BRDA:42,3,1,1
BRDA:57,4,0,1
BRDA:57,4,1,0
BRDA:108,5,0,0
BRDA:108,5,1,0
BRF:12
BRH:4
end_of_record
TN:
SF:utils/cookieParser.ts
FN:1,cookieParser
FNF:1
FNH:0
FNDA:0,cookieParser
DA:2,0
LF:1
LH:0
BRF:0
BRH:0
end_of_record
TN:
SF:utils/phoneNumberFomartter.ts
FN:1,PhoneNumberFormater
FN:3,validate
FN:22,format
FNF:3
FNH:0
FNDA:0,PhoneNumberFormater
FNDA:0,validate
FNDA:0,format
DA:4,0
DA:5,0
DA:8,0
DA:9,0
DA:13,0
DA:14,0
DA:18,0
DA:23,0
DA:24,0
DA:27,0
DA:28,0
LF:11
LH:0
BRDA:8,0,0,0
BRDA:8,0,1,0
BRDA:13,1,0,0
BRDA:13,1,1,0
BRF:4
BRH:0
end_of_record
